TN:
SF:src/app-minimal.ts
FN:19,(anonymous_1)
FNF:1
FNH:0
FNDA:0,(anonymous_1)
DA:2,0
DA:3,0
DA:4,0
DA:6,0
DA:9,0
DA:10,0
DA:11,0
DA:14,0
DA:15,0
DA:19,0
DA:20,0
DA:26,0
LF:12
LH:0
BRDA:14,0,0,0
BRF:1
BRH:0
end_of_record
TN:
SF:src/app.ts
FN:42,(anonymous_1)
FN:62,(anonymous_2)
FN:73,(anonymous_3)
FNF:3
FNH:0
FNDA:0,(anonymous_1)
FNDA:0,(anonymous_2)
FNDA:0,(anonymous_3)
DA:2,0
DA:3,0
DA:4,0
DA:5,0
DA:6,0
DA:7,0
DA:11,0
DA:12,0
DA:13,0
DA:15,0
DA:18,0
DA:26,0
DA:36,0
DA:39,0
DA:43,0
DA:50,0
DA:51,0
DA:52,0
DA:55,0
DA:58,0
DA:59,0
DA:62,0
DA:63,0
DA:73,0
DA:74,0
DA:87,0
DA:91,0
LF:27
LH:0
BRDA:28,0,0,0
BRDA:28,0,1,0
BRDA:68,1,0,0
BRDA:68,1,1,0
BRDA:76,2,0,0
BRDA:76,2,1,0
BRDA:87,3,0,0
BRF:7
BRH:0
end_of_record
TN:
SF:src/index-minimal.ts
FN:16,(anonymous_1)
FN:34,(anonymous_2)
FN:44,(anonymous_3)
FN:60,(anonymous_4)
FN:80,(anonymous_5)
FN:82,(anonymous_6)
FNF:6
FNH:0
FNDA:0,(anonymous_1)
FNDA:0,(anonymous_2)
FNDA:0,(anonymous_3)
FNDA:0,(anonymous_4)
FNDA:0,(anonymous_5)
FNDA:0,(anonymous_6)
DA:3,0
DA:4,0
DA:5,0
DA:6,0
DA:8,0
DA:9,0
DA:12,0
DA:13,0
DA:16,0
DA:17,0
DA:31,0
DA:34,0
DA:35,0
DA:43,0
DA:50,0
DA:51,0
DA:60,0
DA:61,0
DA:80,0
DA:81,0
DA:82,0
DA:83,0
DA:84,0
DA:88,0
LF:24
LH:0
BRDA:9,0,0,0
BRDA:9,0,1,0
BRDA:54,1,0,0
BRDA:54,1,1,0
BRF:4
BRH:0
end_of_record
TN:
SF:src/server-minimal.ts
FN:17,(anonymous_1)
FN:26,(anonymous_2)
FN:36,(anonymous_3)
FN:45,(anonymous_4)
FN:57,(anonymous_5)
FN:74,(anonymous_6)
FN:89,(anonymous_7)
FNF:7
FNH:0
FNDA:0,(anonymous_1)
FNDA:0,(anonymous_2)
FNDA:0,(anonymous_3)
FNDA:0,(anonymous_4)
FNDA:0,(anonymous_5)
FNDA:0,(anonymous_6)
FNDA:0,(anonymous_7)
DA:2,0
DA:3,0
DA:4,0
DA:7,0
DA:9,0
DA:10,0
DA:13,0
DA:14,0
DA:17,0
DA:18,0
DA:26,0
DA:27,0
DA:36,0
DA:37,0
DA:45,0
DA:46,0
DA:57,0
DA:58,0
DA:60,0
DA:61,0
DA:64,0
DA:73,0
DA:80,0
DA:81,0
DA:89,0
DA:90,0
DA:104,0
LF:27
LH:0
BRDA:10,0,0,0
BRDA:10,0,1,0
BRDA:60,1,0,0
BRF:3
BRH:0
end_of_record
TN:
SF:src/server-simple.ts
FN:16,(anonymous_1)
FN:25,(anonymous_2)
FN:38,(anonymous_3)
FN:46,(anonymous_4)
FN:54,(anonymous_5)
FNF:5
FNH:0
FNDA:0,(anonymous_1)
FNDA:0,(anonymous_2)
FNDA:0,(anonymous_3)
FNDA:0,(anonymous_4)
FNDA:0,(anonymous_5)
DA:2,0
DA:3,0
DA:4,0
DA:6,0
DA:8,0
DA:9,0
DA:12,0
DA:13,0
DA:16,0
DA:17,0
DA:25,0
DA:26,0
DA:38,0
DA:39,0
DA:46,0
DA:47,0
DA:54,0
DA:55,0
DA:58,0
LF:19
LH:0
BRDA:9,0,0,0
BRDA:9,0,1,0
BRF:2
BRH:0
end_of_record
TN:
SF:src/server.ts
FN:24,(anonymous_1)
FN:35,(anonymous_2)
FNF:2
FNH:0
FNDA:0,(anonymous_1)
FNDA:0,(anonymous_2)
DA:2,0
DA:3,0
DA:5,0
DA:6,0
DA:7,0
DA:8,0
DA:11,0
DA:18,0
DA:21,0
DA:24,0
DA:25,0
DA:35,0
DA:36,0
DA:43,0
DA:44,0
DA:45,0
LF:16
LH:0
BRDA:18,0,0,0
BRDA:18,0,1,0
BRDA:38,1,0,0
BRDA:38,1,1,0
BRDA:39,2,0,0
BRDA:39,2,1,0
BRF:6
BRH:0
end_of_record
TN:
SF:src/setupTests.ts
FNF:0
FNH:0
DA:1,0
LF:1
LH:0
BRF:0
BRH:0
end_of_record
TN:
SF:src/vitest.config.ts
FNF:0
FNH:0
DA:2,0
DA:3,0
DA:5,0
LF:3
LH:0
BRDA:20,0,0,0
BRDA:20,0,1,0
BRF:2
BRH:0
end_of_record
TN:
SF:src/agents/personal_oracle/PersonalOracleAgent.ts
FN:66,(anonymous_0)
FN:75,(anonymous_1)
FN:80,(anonymous_2)
FN:127,(anonymous_3)
FN:133,(anonymous_4)
FN:153,(anonymous_5)
FN:165,(anonymous_6)
FN:171,(anonymous_7)
FN:196,(anonymous_8)
FN:217,(anonymous_9)
FN:261,(anonymous_10)
FN:267,(anonymous_11)
FN:273,(anonymous_12)
FN:285,(anonymous_13)
FN:311,(anonymous_14)
FN:350,(anonymous_15)
FN:393,(anonymous_16)
FN:396,(anonymous_17)
FN:404,(anonymous_18)
FN:411,(anonymous_19)
FN:415,(anonymous_20)
FN:417,(anonymous_21)
FN:423,(anonymous_22)
FN:425,(anonymous_23)
FN:428,(anonymous_24)
FN:433,(anonymous_25)
FN:447,(anonymous_26)
FN:454,(anonymous_27)
FN:458,(anonymous_28)
FN:463,(anonymous_29)
FN:476,(anonymous_30)
FN:482,(anonymous_31)
FN:488,(anonymous_32)
FNF:33
FNH:0
FNDA:0,(anonymous_0)
FNDA:0,(anonymous_1)
FNDA:0,(anonymous_2)
FNDA:0,(anonymous_3)
FNDA:0,(anonymous_4)
FNDA:0,(anonymous_5)
FNDA:0,(anonymous_6)
FNDA:0,(anonymous_7)
FNDA:0,(anonymous_8)
FNDA:0,(anonymous_9)
FNDA:0,(anonymous_10)
FNDA:0,(anonymous_11)
FNDA:0,(anonymous_12)
FNDA:0,(anonymous_13)
FNDA:0,(anonymous_14)
FNDA:0,(anonymous_15)
FNDA:0,(anonymous_16)
FNDA:0,(anonymous_17)
FNDA:0,(anonymous_18)
FNDA:0,(anonymous_19)
FNDA:0,(anonymous_20)
FNDA:0,(anonymous_21)
FNDA:0,(anonymous_22)
FNDA:0,(anonymous_23)
FNDA:0,(anonymous_24)
FNDA:0,(anonymous_25)
FNDA:0,(anonymous_26)
FNDA:0,(anonymous_27)
FNDA:0,(anonymous_28)
FNDA:0,(anonymous_29)
FNDA:0,(anonymous_30)
FNDA:0,(anonymous_31)
FNDA:0,(anonymous_32)
DA:4,0
DA:5,0
DA:11,0
DA:12,0
DA:13,0
DA:14,0
DA:15,0
DA:19,0
DA:60,0
DA:64,0
DA:67,0
DA:69,0
DA:78,0
DA:80,0
DA:81,0
DA:88,0
DA:89,0
DA:93,0
DA:97,0
DA:104,0
DA:111,0
DA:113,0
DA:120,0
DA:131,0
DA:133,0
DA:134,0
DA:137,0
DA:145,0
DA:146,0
DA:156,0
DA:158,0
DA:159,0
DA:169,0
DA:171,0
DA:172,0
DA:175,0
DA:176,0
DA:177,0
DA:179,0
DA:190,0
DA:200,0
DA:201,0
DA:205,0
DA:213,0
DA:214,0
DA:222,0
DA:225,0
DA:254,0
DA:255,0
DA:256,0
DA:257,0
DA:261,0
DA:262,0
DA:264,0
DA:273,0
DA:274,0
DA:278,0
DA:279,0
DA:282,0
DA:291,0
DA:294,0
DA:296,0
DA:317,0
DA:320,0
DA:321,0
DA:322,0
DA:323,0
DA:327,0
DA:328,0
DA:335,0
DA:336,0
DA:337,0
DA:338,0
DA:344,0
DA:355,0
DA:356,0
DA:368,0
DA:382,0
DA:394,0
DA:396,0
DA:397,0
DA:398,0
DA:399,0
DA:403,0
DA:404,0
DA:405,0
DA:408,0
DA:413,0
DA:415,0
DA:416,0
DA:417,0
DA:418,0
DA:422,0
DA:423,0
DA:425,0
DA:430,0
DA:438,0
DA:448,0
DA:455,0
DA:459,0
DA:460,0
DA:468,0
DA:479,0
DA:485,0
DA:491,0
DA:496,0
LF:106
LH:0
BRDA:93,0,0,0
BRDA:93,0,1,0
BRDA:167,1,0,0
BRDA:200,2,0,0
BRDA:256,3,0,0
BRDA:262,4,0,0
BRDA:262,4,1,0
BRDA:274,5,0,0
BRDA:274,5,1,0
BRDA:278,6,0,0
BRDA:299,7,0,0
BRDA:299,7,1,0
BRDA:303,8,0,0
BRDA:303,8,1,0
BRDA:305,9,0,0
BRDA:305,9,1,0
BRDA:320,10,0,0
BRDA:320,10,1,0
BRDA:322,11,0,0
BRDA:327,12,0,0
BRDA:327,13,0,0
BRDA:327,13,1,0
BRDA:335,14,0,0
BRDA:335,14,1,0
BRDA:337,15,0,0
BRDA:378,16,0,0
BRDA:378,16,1,0
BRDA:383,17,0,0
BRDA:383,17,1,0
BRDA:397,18,0,0
BRDA:397,18,1,0
BRDA:398,19,0,0
BRDA:403,20,0,0
BRDA:403,20,1,0
BRDA:416,21,0,0
BRDA:416,21,1,0
BRDA:418,22,0,0
BRDA:418,22,1,0
BRDA:460,23,0,0
BRDA:460,23,1,0
BRF:40
BRH:0
end_of_record
TN:
SF:src/ain/AINOrchestrator.ts
FN:27,(anonymous_0)
FN:42,(anonymous_1)
FN:52,(anonymous_2)
FN:88,(anonymous_3)
FN:125,(anonymous_4)
FN:153,(anonymous_5)
FN:155,(anonymous_6)
FN:160,(anonymous_7)
FN:165,(anonymous_8)
FN:173,(anonymous_9)
FN:175,(anonymous_10)
FN:180,(anonymous_11)
FN:185,(anonymous_12)
FN:193,(anonymous_13)
FN:195,(anonymous_14)
FN:200,(anonymous_15)
FN:209,(anonymous_16)
FN:210,(anonymous_17)
FN:218,(anonymous_18)
FN:221,(anonymous_19)
FN:225,(anonymous_20)
FN:234,(anonymous_21)
FN:272,(anonymous_22)
FN:312,(anonymous_23)
FN:328,(anonymous_24)
FN:331,(anonymous_25)
FN:356,(anonymous_26)
FN:372,(anonymous_27)
FN:384,(anonymous_28)
FN:399,(anonymous_29)
FN:414,(anonymous_30)
FN:427,(anonymous_31)
FN:461,(anonymous_32)
FN:476,(anonymous_33)
FN:494,(anonymous_34)
FN:515,(anonymous_35)
FN:544,(anonymous_36)
FN:559,(anonymous_37)
FN:578,(anonymous_38)
FN:593,(anonymous_39)
FN:601,(anonymous_40)
FN:617,(anonymous_41)
FN:624,(anonymous_42)
FN:648,(anonymous_43)
FNF:44
FNH:0
FNDA:0,(anonymous_0)
FNDA:0,(anonymous_1)
FNDA:0,(anonymous_2)
FNDA:0,(anonymous_3)
FNDA:0,(anonymous_4)
FNDA:0,(anonymous_5)
FNDA:0,(anonymous_6)
FNDA:0,(anonymous_7)
FNDA:0,(anonymous_8)
FNDA:0,(anonymous_9)
FNDA:0,(anonymous_10)
FNDA:0,(anonymous_11)
FNDA:0,(anonymous_12)
FNDA:0,(anonymous_13)
FNDA:0,(anonymous_14)
FNDA:0,(anonymous_15)
FNDA:0,(anonymous_16)
FNDA:0,(anonymous_17)
FNDA:0,(anonymous_18)
FNDA:0,(anonymous_19)
FNDA:0,(anonymous_20)
FNDA:0,(anonymous_21)
FNDA:0,(anonymous_22)
FNDA:0,(anonymous_23)
FNDA:0,(anonymous_24)
FNDA:0,(anonymous_25)
FNDA:0,(anonymous_26)
FNDA:0,(anonymous_27)
FNDA:0,(anonymous_28)
FNDA:0,(anonymous_29)
FNDA:0,(anonymous_30)
FNDA:0,(anonymous_31)
FNDA:0,(anonymous_32)
FNDA:0,(anonymous_33)
FNDA:0,(anonymous_34)
FNDA:0,(anonymous_35)
FNDA:0,(anonymous_36)
FNDA:0,(anonymous_37)
FNDA:0,(anonymous_38)
FNDA:0,(anonymous_39)
FNDA:0,(anonymous_40)
FNDA:0,(anonymous_41)
FNDA:0,(anonymous_42)
FNDA:0,(anonymous_43)
DA:6,0
DA:7,0
DA:13,0
DA:14,0
DA:15,0
DA:16,0
DA:17,0
DA:18,0
DA:20,0
DA:24,0
DA:28,0
DA:29,0
DA:30,0
DA:31,0
DA:39,0
DA:43,0
DA:44,0
DA:46,0
DA:53,0
DA:55,0
DA:57,0
DA:60,0
DA:63,0
DA:66,0
DA:69,0
DA:71,0
DA:73,0
DA:76,0
DA:78,0
DA:79,0
DA:80,0
DA:81,0
DA:89,0
DA:98,0
DA:99,0
DA:100,0
DA:101,0
DA:106,0
DA:107,0
DA:108,0
DA:109,0
DA:114,0
DA:115,0
DA:116,0
DA:117,0
DA:130,0
DA:131,0
DA:134,0
DA:137,0
DA:138,0
DA:141,0
DA:143,0
DA:145,0
DA:146,0
DA:155,0
DA:156,0
DA:160,0
DA:161,0
DA:165,0
DA:166,0
DA:175,0
DA:176,0
DA:180,0
DA:181,0
DA:185,0
DA:186,0
DA:195,0
DA:196,0
DA:200,0
DA:201,0
DA:202,0
DA:210,0
DA:211,0
DA:220,0
DA:221,0
DA:222,0
DA:225,0
DA:226,0
DA:235,0
DA:237,0
DA:238,0
DA:239,0
DA:240,0
DA:243,0
DA:244,0
DA:246,0
DA:249,0
DA:260,0
DA:263,0
DA:276,0
DA:278,0
DA:280,0
DA:283,0
DA:285,0
DA:287,0
DA:298,0
DA:313,0
DA:314,0
DA:315,0
DA:319,0
DA:321,0
DA:329,0
DA:330,0
DA:331,0
DA:333,0
DA:337,0
DA:338,0
DA:339,0
DA:340,0
DA:342,0
DA:345,0
DA:357,0
DA:360,0
DA:362,0
DA:363,0
DA:365,0
DA:373,0
DA:375,0
DA:378,0
DA:385,0
DA:387,0
DA:390,0
DA:393,0
DA:400,0
DA:402,0
DA:405,0
DA:408,0
DA:415,0
DA:418,0
DA:421,0
DA:430,0
DA:433,0
DA:436,0
DA:437,0
DA:439,0
DA:440,0
DA:441,0
DA:442,0
DA:443,0
DA:447,0
DA:463,0
DA:465,0
DA:467,0
DA:469,0
DA:478,0
DA:481,0
DA:496,0
DA:502,0
DA:516,0
DA:519,0
DA:520,0
DA:546,0
DA:562,0
DA:564,0
DA:565,0
DA:566,0
DA:567,0
DA:568,0
DA:570,0
DA:580,0
DA:595,0
DA:602,0
DA:618,0
DA:625,0
DA:649,0
DA:651,0
DA:654,0
DA:655,0
DA:656,0
DA:657,0
DA:659,0
DA:661,0
DA:666,0
DA:668,0
DA:669,0
DA:671,0
DA:713,0
LF:177
LH:0
BRDA:27,0,0,0
BRDA:43,1,0,0
BRDA:100,2,0,0
BRDA:108,3,0,0
BRDA:116,4,0,0
BRDA:220,5,0,0
BRDA:243,6,0,0
BRDA:243,6,1,0
BRDA:253,7,0,0
BRDA:253,7,1,0
BRDA:283,8,0,0
BRDA:283,8,1,0
BRDA:289,9,0,0
BRDA:289,9,1,0
BRDA:302,10,0,0
BRDA:302,10,1,0
BRDA:314,11,0,0
BRDA:319,12,0,0
BRDA:319,12,1,0
BRDA:337,13,0,0
BRDA:337,13,1,0
BRDA:339,14,0,0
BRDA:339,14,1,0
BRDA:360,15,0,0
BRDA:360,15,1,0
BRDA:363,16,0,0
BRDA:437,17,0,0
BRDA:437,17,1,0
BRDA:440,18,0,0
BRDA:440,18,1,0
BRDA:441,19,0,0
BRDA:465,20,0,0
BRDA:516,21,0,0
BRDA:516,21,1,0
BRDA:564,22,0,0
BRDA:564,23,0,0
BRDA:564,23,1,0
BRDA:656,24,0,0
BRF:38
BRH:0
end_of_record
TN:
SF:src/ain/analyzers/DeepCoherenceAnalyzer.ts
FN:23,(anonymous_0)
FN:30,(anonymous_1)
FNF:2
FNH:0
FNDA:0,(anonymous_0)
FNDA:0,(anonymous_1)
DA:19,0
DA:27,0
DA:29,0
DA:30,0
DA:31,0
DA:34,0
LF:6
LH:0
BRDA:37,0,0,0
BRDA:37,0,1,0
BRF:2
BRH:0
end_of_record
TN:
SF:src/ain/analyzers/StructureAnalyzer.ts
FN:27,(anonymous_0)
FN:44,(anonymous_1)
FNF:2
FNH:0
FNDA:0,(anonymous_0)
FNDA:0,(anonymous_1)
DA:23,0
DA:31,0
DA:32,0
DA:46,0
LF:4
LH:0
BRF:0
BRH:0
end_of_record
TN:
SF:src/ain/collective/CollectiveIntelligence.ts
FN:22,(anonymous_0)
FN:28,(anonymous_1)
FN:36,(anonymous_2)
FN:49,(anonymous_3)
FNF:4
FNH:0
FNDA:0,(anonymous_0)
FNDA:0,(anonymous_1)
FNDA:0,(anonymous_2)
FNDA:0,(anonymous_3)
DA:22,0
DA:23,0
DA:30,0
DA:38,0
DA:50,0
LF:5
LH:0
BRF:0
BRH:0
end_of_record
TN:
SF:src/ain/core/CloudAgent.ts
FN:10,(anonymous_0)
FN:17,(anonymous_1)
FNF:2
FNH:0
FNDA:0,(anonymous_0)
FNDA:0,(anonymous_1)
DA:6,0
DA:9,0
DA:11,0
DA:19,0
LF:4
LH:0
BRF:0
BRH:0
end_of_record
TN:
SF:src/ain/core/CloudOrchestrator.ts
FN:15,(anonymous_0)
FN:28,(anonymous_1)
FN:60,(anonymous_2)
FN:67,(anonymous_3)
FN:79,(anonymous_4)
FN:81,(anonymous_5)
FN:90,(anonymous_6)
FNF:7
FNH:0
FNDA:0,(anonymous_0)
FNDA:0,(anonymous_1)
FNDA:0,(anonymous_2)
FNDA:0,(anonymous_3)
FNDA:0,(anonymous_4)
FNDA:0,(anonymous_5)
FNDA:0,(anonymous_6)
DA:6,0
DA:7,0
DA:8,0
DA:10,0
DA:16,0
DA:17,0
DA:18,0
DA:19,0
DA:22,0
DA:29,0
DA:54,0
DA:61,0
DA:69,0
DA:70,0
DA:72,0
DA:80,0
DA:81,0
DA:82,0
DA:83,0
DA:91,0
LF:20
LH:0
BRDA:32,0,0,0
BRDA:32,0,1,0
BRDA:69,1,0,0
BRDA:69,1,1,0
BRF:4
BRH:0
end_of_record
TN:
SF:src/ain/core/EdgeAgent.ts
FN:20,(anonymous_0)
FN:36,(anonymous_1)
FN:50,(anonymous_2)
FN:68,(anonymous_3)
FN:97,(anonymous_4)
FN:123,(anonymous_5)
FN:135,(anonymous_6)
FN:145,(anonymous_7)
FN:159,(anonymous_8)
FN:173,(anonymous_9)
FN:175,(anonymous_10)
FN:183,(anonymous_11)
FN:187,(anonymous_12)
FN:209,(anonymous_13)
FN:220,(anonymous_14)
FN:240,(anonymous_15)
FN:259,(anonymous_16)
FN:286,(anonymous_17)
FN:300,(anonymous_18)
FN:305,(anonymous_19)
FN:315,(anonymous_20)
FN:322,(anonymous_21)
FN:329,(anonymous_22)
FN:336,(anonymous_23)
FN:347,(anonymous_24)
FN:360,(anonymous_25)
FN:368,(anonymous_26)
FNF:27
FNH:0
FNDA:0,(anonymous_0)
FNDA:0,(anonymous_1)
FNDA:0,(anonymous_2)
FNDA:0,(anonymous_3)
FNDA:0,(anonymous_4)
FNDA:0,(anonymous_5)
FNDA:0,(anonymous_6)
FNDA:0,(anonymous_7)
FNDA:0,(anonymous_8)
FNDA:0,(anonymous_9)
FNDA:0,(anonymous_10)
FNDA:0,(anonymous_11)
FNDA:0,(anonymous_12)
FNDA:0,(anonymous_13)
FNDA:0,(anonymous_14)
FNDA:0,(anonymous_15)
FNDA:0,(anonymous_16)
FNDA:0,(anonymous_17)
FNDA:0,(anonymous_18)
FNDA:0,(anonymous_19)
FNDA:0,(anonymous_20)
FNDA:0,(anonymous_21)
FNDA:0,(anonymous_22)
FNDA:0,(anonymous_23)
FNDA:0,(anonymous_24)
FNDA:0,(anonymous_25)
FNDA:0,(anonymous_26)
DA:13,0
DA:15,0
DA:17,0
DA:18,0
DA:21,0
DA:23,0
DA:30,0
DA:38,0
DA:41,0
DA:44,0
DA:51,0
DA:53,0
DA:55,0
DA:56,0
DA:58,0
DA:61,0
DA:69,0
DA:70,0
DA:73,0
DA:75,0
DA:78,0
DA:81,0
DA:90,0
DA:98,0
DA:100,0
DA:103,0
DA:104,0
DA:107,0
DA:108,0
DA:116,0
DA:125,0
DA:136,0
DA:139,0
DA:140,0
DA:143,0
DA:145,0
DA:146,0
DA:149,0
DA:150,0
DA:153,0
DA:161,0
DA:164,0
DA:165,0
DA:166,0
DA:175,0
DA:176,0
DA:184,0
DA:186,0
DA:187,0
DA:189,0
DA:194,0
DA:196,0
DA:198,0
DA:201,0
DA:202,0
DA:210,0
DA:221,0
DA:222,0
DA:224,0
DA:230,0
DA:231,0
DA:234,0
DA:241,0
DA:242,0
DA:244,0
DA:245,0
DA:246,0
DA:248,0
DA:253,0
DA:263,0
DA:266,0
DA:275,0
DA:287,0
DA:288,0
DA:290,0
DA:301,0
DA:303,0
DA:304,0
DA:305,0
DA:309,0
DA:316,0
DA:323,0
DA:330,0
DA:338,0
DA:341,0
DA:348,0
DA:362,0
DA:370,0
DA:374,0
LF:89
LH:0
BRDA:53,0,0,0
BRDA:53,0,1,0
BRDA:53,1,0,0
BRDA:53,1,1,0
BRDA:56,2,0,0
BRDA:56,2,1,0
BRDA:98,3,0,0
BRDA:149,4,0,0
BRDA:164,5,0,0
BRDA:201,6,0,0
BRDA:222,7,0,0
BRDA:222,7,1,0
BRDA:230,8,0,0
BRDA:242,9,0,0
BRDA:242,9,1,0
BRDA:292,10,0,0
BRDA:292,10,1,0
BRDA:301,11,0,0
BRDA:303,12,0,0
BRDA:303,12,1,0
BRDA:305,13,0,0
BRDA:305,13,1,0
BRDA:309,14,0,0
BRDA:309,14,1,0
BRF:24
BRH:0
end_of_record
TN:
SF:src/ain/core/HybridAgent.ts
FN:15,(anonymous_0)
FN:28,(anonymous_1)
FN:60,(anonymous_2)
FN:67,(anonymous_3)
FN:74,(anonymous_4)
FN:81,(anonymous_5)
FNF:6
FNH:0
FNDA:0,(anonymous_0)
FNDA:0,(anonymous_1)
FNDA:0,(anonymous_2)
FNDA:0,(anonymous_3)
FNDA:0,(anonymous_4)
FNDA:0,(anonymous_5)
DA:6,0
DA:7,0
DA:8,0
DA:10,0
DA:16,0
DA:17,0
DA:18,0
DA:19,0
DA:22,0
DA:29,0
DA:54,0
DA:61,0
DA:68,0
DA:75,0
DA:82,0
LF:15
LH:0
BRDA:32,0,0,0
BRDA:32,0,1,0
BRF:2
BRH:0
end_of_record
TN:
SF:src/ain/integration/SacredIntegrator.ts
FN:26,(anonymous_0)
FNF:1
FNH:0
FNDA:0,(anonymous_0)
DA:22,0
DA:30,0
LF:2
LH:0
BRF:0
BRH:0
end_of_record
TN:
SF:src/ain/knowledge/KnowledgeBase.ts
FN:14,(anonymous_0)
FN:20,(anonymous_1)
FN:33,(anonymous_2)
FN:40,(anonymous_3)
FN:42,(anonymous_4)
FNF:5
FNH:0
FNDA:0,(anonymous_0)
FNDA:0,(anonymous_1)
FNDA:0,(anonymous_2)
FNDA:0,(anonymous_3)
FNDA:0,(anonymous_4)
DA:14,0
DA:15,0
DA:21,0
DA:34,0
DA:41,0
DA:42,0
LF:6
LH:0
BRDA:20,0,0,0
BRF:1
BRH:0
end_of_record
TN:
SF:src/ain/neuromorphic/NeuromorphicSensor.ts
FN:14,(anonymous_0)
FN:21,(anonymous_1)
FN:36,(anonymous_2)
FN:54,(anonymous_3)
FN:62,(anonymous_4)
FNF:5
FNH:0
FNDA:0,(anonymous_0)
FNDA:0,(anonymous_1)
FNDA:0,(anonymous_2)
FNDA:0,(anonymous_3)
FNDA:0,(anonymous_4)
DA:14,0
DA:15,0
DA:16,0
DA:22,0
DA:23,0
DA:30,0
DA:39,0
DA:41,0
DA:42,0
DA:43,0
DA:44,0
DA:48,0
DA:55,0
DA:56,0
DA:63,0
LF:15
LH:0
BRDA:22,0,0,0
BRDA:43,1,0,0
BRF:2
BRH:0
end_of_record
TN:
SF:src/ain/processors/ClarityEngine.ts
FN:25,(anonymous_0)
FN:41,(anonymous_1)
FN:63,(anonymous_2)
FN:95,(anonymous_3)
FNF:4
FNH:0
FNDA:0,(anonymous_0)
FNDA:0,(anonymous_1)
FNDA:0,(anonymous_2)
FNDA:0,(anonymous_3)
DA:21,0
DA:27,0
DA:28,0
DA:45,0
DA:46,0
DA:49,0
DA:50,0
DA:72,0
DA:73,0
DA:74,0
DA:76,0
DA:77,0
DA:81,0
DA:82,0
DA:97,0
LF:15
LH:0
BRDA:45,0,0,0
BRDA:72,1,0,0
BRDA:72,1,1,0
BRDA:74,2,0,0
BRDA:74,2,1,0
BRF:5
BRH:0
end_of_record
TN:
SF:src/ain/pubsub/PubSubManager.ts
FN:21,(anonymous_0)
FN:26,(anonymous_1)
FN:36,(anonymous_2)
FN:38,(anonymous_3)
FN:58,(anonymous_4)
FN:86,(anonymous_5)
FN:117,(anonymous_6)
FN:128,(anonymous_7)
FN:133,(anonymous_8)
FN:148,(anonymous_9)
FN:196,(anonymous_10)
FN:205,(anonymous_11)
FN:229,(anonymous_12)
FN:266,(anonymous_13)
FN:290,(anonymous_14)
FN:298,(anonymous_15)
FN:299,(anonymous_16)
FN:307,(anonymous_17)
FN:313,(anonymous_18)
FN:334,(anonymous_19)
FN:355,(anonymous_20)
FN:362,(anonymous_21)
FN:376,(anonymous_22)
FN:379,(anonymous_23)
FN:388,(anonymous_24)
FN:408,(anonymous_25)
FN:415,(anonymous_26)
FN:422,(anonymous_27)
FN:434,(anonymous_28)
FNF:29
FNH:0
FNDA:0,(anonymous_0)
FNDA:0,(anonymous_1)
FNDA:0,(anonymous_2)
FNDA:0,(anonymous_3)
FNDA:0,(anonymous_4)
FNDA:0,(anonymous_5)
FNDA:0,(anonymous_6)
FNDA:0,(anonymous_7)
FNDA:0,(anonymous_8)
FNDA:0,(anonymous_9)
FNDA:0,(anonymous_10)
FNDA:0,(anonymous_11)
FNDA:0,(anonymous_12)
FNDA:0,(anonymous_13)
FNDA:0,(anonymous_14)
FNDA:0,(anonymous_15)
FNDA:0,(anonymous_16)
FNDA:0,(anonymous_17)
FNDA:0,(anonymous_18)
FNDA:0,(anonymous_19)
FNDA:0,(anonymous_20)
FNDA:0,(anonymous_21)
FNDA:0,(anonymous_22)
FNDA:0,(anonymous_23)
FNDA:0,(anonymous_24)
FNDA:0,(anonymous_25)
FNDA:0,(anonymous_26)
FNDA:0,(anonymous_27)
FNDA:0,(anonymous_28)
DA:6,0
DA:7,0
DA:9,0
DA:11,0
DA:12,0
DA:13,0
DA:14,0
DA:22,0
DA:23,0
DA:27,0
DA:28,0
DA:30,0
DA:38,0
DA:39,0
DA:40,0
DA:41,0
DA:45,0
DA:46,0
DA:47,0
DA:48,0
DA:49,0
DA:52,0
DA:59,0
DA:60,0
DA:61,0
DA:64,0
DA:71,0
DA:73,0
DA:74,0
DA:75,0
DA:76,0
DA:78,0
DA:80,0
DA:91,0
DA:92,0
DA:93,0
DA:96,0
DA:104,0
DA:107,0
DA:108,0
DA:111,0
DA:112,0
DA:114,0
DA:117,0
DA:120,0
DA:122,0
DA:129,0
DA:130,0
DA:132,0
DA:133,0
DA:135,0
DA:137,0
DA:138,0
DA:140,0
DA:142,0
DA:149,0
DA:150,0
DA:151,0
DA:154,0
DA:157,0
DA:165,0
DA:166,0
DA:169,0
DA:171,0
DA:174,0
DA:180,0
DA:188,0
DA:190,0
DA:201,0
DA:202,0
DA:204,0
DA:206,0
DA:208,0
DA:209,0
DA:210,0
DA:211,0
DA:214,0
DA:223,0
DA:233,0
DA:236,0
DA:237,0
DA:238,0
DA:240,0
DA:241,0
DA:246,0
DA:247,0
DA:248,0
DA:253,0
DA:254,0
DA:255,0
DA:256,0
DA:260,0
DA:267,0
DA:268,0
DA:270,0
DA:273,0
DA:276,0
DA:277,0
DA:279,0
DA:280,0
DA:282,0
DA:283,0
DA:285,0
DA:289,0
DA:290,0
DA:292,0
DA:299,0
DA:300,0
DA:308,0
DA:309,0
DA:311,0
DA:312,0
DA:314,0
DA:317,0
DA:318,0
DA:320,0
DA:321,0
DA:322,0
DA:324,0
DA:335,0
DA:336,0
DA:337,0
DA:339,0
DA:340,0
DA:343,0
DA:356,0
DA:363,0
DA:365,0
DA:366,0
DA:367,0
DA:368,0
DA:370,0
DA:374,0
DA:376,0
DA:379,0
DA:390,0
DA:399,0
DA:400,0
DA:402,0
DA:409,0
DA:416,0
DA:423,0
DA:424,0
DA:425,0
DA:426,0
DA:434,0
DA:435,0
DA:509,0
LF:148
LH:0
BRDA:27,0,0,0
BRDA:59,1,0,0
BRDA:92,2,0,0
BRDA:101,3,0,0
BRDA:101,3,1,0
BRDA:107,4,0,0
BRDA:130,5,0,0
BRDA:135,6,0,0
BRDA:150,7,0,0
BRDA:208,8,0,0
BRDA:216,9,0,0
BRDA:216,9,1,0
BRDA:236,10,0,0
BRDA:240,11,0,0
BRDA:240,12,0,0
BRDA:240,12,1,0
BRDA:246,13,0,0
BRDA:247,14,0,0
BRDA:253,15,0,0
BRDA:255,16,0,0
BRDA:273,17,0,0
BRDA:273,17,1,0
BRDA:273,17,2,0
BRDA:273,17,3,0
BRDA:311,18,0,0
BRDA:314,19,0,0
BRDA:314,19,1,0
BRDA:339,20,0,0
BRDA:339,21,0,0
BRDA:339,21,1,0
BRDA:339,21,2,0
BRF:31
BRH:0
end_of_record
TN:
SF:src/ain/quantum/QuantumThoughtEngine.ts
FN:18,(anonymous_0)
FN:27,(anonymous_1)
FN:57,(anonymous_2)
FN:98,(anonymous_3)
FN:125,(anonymous_4)
FN:143,(anonymous_5)
FN:146,(anonymous_6)
FN:157,(anonymous_7)
FN:175,(anonymous_8)
FN:197,(anonymous_9)
FN:216,(anonymous_10)
FN:226,(anonymous_11)
FN:240,(anonymous_12)
FN:244,(anonymous_13)
FN:252,(anonymous_14)
FN:266,(anonymous_15)
FN:284,(anonymous_16)
FN:302,(anonymous_17)
FN:324,(anonymous_18)
FN:342,(anonymous_19)
FN:358,(anonymous_20)
FN:373,(anonymous_21)
FN:378,(anonymous_22)
FN:387,(anonymous_23)
FN:406,(anonymous_24)
FN:424,(anonymous_25)
FN:435,(anonymous_26)
FN:443,(anonymous_27)
FN:451,(anonymous_28)
FN:461,(anonymous_29)
FN:466,(anonymous_30)
FN:473,(anonymous_31)
FN:479,(anonymous_32)
FN:487,(anonymous_33)
FN:544,(anonymous_34)
FN:546,(anonymous_35)
FN:551,(anonymous_36)
FN:558,(anonymous_37)
FN:561,(anonymous_38)
FN:562,(anonymous_39)
FN:563,(anonymous_40)
FN:568,(anonymous_41)
FN:570,(anonymous_42)
FN:577,(anonymous_43)
FN:579,(anonymous_44)
FN:586,(anonymous_45)
FN:588,(anonymous_46)
FN:599,(anonymous_47)
FN:603,(anonymous_48)
FN:607,(anonymous_49)
FN:611,(anonymous_50)
FN:615,(anonymous_51)
FN:619,(anonymous_52)
FN:623,(anonymous_53)
FN:627,(anonymous_54)
FNF:55
FNH:0
FNDA:0,(anonymous_0)
FNDA:0,(anonymous_1)
FNDA:0,(anonymous_2)
FNDA:0,(anonymous_3)
FNDA:0,(anonymous_4)
FNDA:0,(anonymous_5)
FNDA:0,(anonymous_6)
FNDA:0,(anonymous_7)
FNDA:0,(anonymous_8)
FNDA:0,(anonymous_9)
FNDA:0,(anonymous_10)
FNDA:0,(anonymous_11)
FNDA:0,(anonymous_12)
FNDA:0,(anonymous_13)
FNDA:0,(anonymous_14)
FNDA:0,(anonymous_15)
FNDA:0,(anonymous_16)
FNDA:0,(anonymous_17)
FNDA:0,(anonymous_18)
FNDA:0,(anonymous_19)
FNDA:0,(anonymous_20)
FNDA:0,(anonymous_21)
FNDA:0,(anonymous_22)
FNDA:0,(anonymous_23)
FNDA:0,(anonymous_24)
FNDA:0,(anonymous_25)
FNDA:0,(anonymous_26)
FNDA:0,(anonymous_27)
FNDA:0,(anonymous_28)
FNDA:0,(anonymous_29)
FNDA:0,(anonymous_30)
FNDA:0,(anonymous_31)
FNDA:0,(anonymous_32)
FNDA:0,(anonymous_33)
FNDA:0,(anonymous_34)
FNDA:0,(anonymous_35)
FNDA:0,(anonymous_36)
FNDA:0,(anonymous_37)
FNDA:0,(anonymous_38)
FNDA:0,(anonymous_39)
FNDA:0,(anonymous_40)
FNDA:0,(anonymous_41)
FNDA:0,(anonymous_42)
FNDA:0,(anonymous_43)
FNDA:0,(anonymous_44)
FNDA:0,(anonymous_45)
FNDA:0,(anonymous_46)
FNDA:0,(anonymous_47)
FNDA:0,(anonymous_48)
FNDA:0,(anonymous_49)
FNDA:0,(anonymous_50)
FNDA:0,(anonymous_51)
FNDA:0,(anonymous_52)
FNDA:0,(anonymous_53)
FNDA:0,(anonymous_54)
DA:6,0
DA:13,0
DA:19,0
DA:20,0
DA:21,0
DA:30,0
DA:33,0
DA:36,0
DA:39,0
DA:40,0
DA:44,0
DA:45,0
DA:49,0
DA:51,0
DA:60,0
DA:62,0
DA:64,0
DA:67,0
DA:73,0
DA:79,0
DA:81,0
DA:84,0
DA:87,0
DA:91,0
DA:100,0
DA:106,0
DA:110,0
DA:112,0
DA:126,0
DA:128,0
DA:130,0
DA:132,0
DA:134,0
DA:136,0
DA:145,0
DA:146,0
DA:162,0
DA:165,0
DA:166,0
DA:167,0
DA:179,0
DA:182,0
DA:184,0
DA:185,0
DA:189,0
DA:190,0
DA:202,0
DA:203,0
DA:204,0
DA:206,0
DA:207,0
DA:208,0
DA:218,0
DA:219,0
DA:233,0
DA:234,0
DA:241,0
DA:242,0
DA:244,0
DA:256,0
DA:270,0
DA:288,0
DA:290,0
DA:296,0
DA:305,0
DA:310,0
DA:327,0
DA:332,0
DA:333,0
DA:336,0
DA:346,0
DA:348,0
DA:349,0
DA:352,0
DA:361,0
DA:374,0
DA:377,0
DA:378,0
DA:381,0
DA:390,0
DA:393,0
DA:396,0
DA:397,0
DA:400,0
DA:407,0
DA:408,0
DA:410,0
DA:418,0
DA:425,0
DA:437,0
DA:444,0
DA:447,0
DA:448,0
DA:450,0
DA:451,0
DA:455,0
DA:462,0
DA:470,0
DA:474,0
DA:475,0
DA:476,0
DA:483,0
DA:484,0
DA:488,0
DA:544,0
DA:548,0
DA:551,0
DA:559,0
DA:561,0
DA:562,0
DA:563,0
DA:568,0
DA:572,0
DA:577,0
DA:581,0
DA:586,0
DA:590,0
DA:597,0
DA:600,0
DA:604,0
DA:608,0
DA:612,0
DA:616,0
DA:620,0
DA:624,0
DA:628,0
DA:629,0
DA:630,0
DA:634,0
LF:129
LH:0
BRDA:18,0,0,0
BRDA:44,1,0,0
BRDA:79,2,0,0
BRDA:126,3,0,0
BRDA:126,3,1,0
BRDA:126,3,2,0
BRDA:126,3,3,0
BRDA:126,3,4,0
BRDA:166,4,0,0
BRDA:206,5,0,0
BRDA:206,6,0,0
BRDA:206,6,1,0
BRDA:374,7,0,0
BRDA:390,8,0,0
BRDA:444,9,0,0
BRDA:462,10,0,0
BRDA:462,10,1,0
BRF:17
BRH:0
end_of_record
TN:
SF:src/ain/routing/MessageRouter.ts
FN:21,(anonymous_0)
FN:36,(anonymous_1)
FN:43,(anonymous_2)
FNF:3
FNH:0
FNDA:0,(anonymous_0)
FNDA:0,(anonymous_1)
FNDA:0,(anonymous_2)
DA:6,0
DA:17,0
DA:23,0
DA:37,0
DA:45,0
LF:5
LH:0
BRF:0
BRH:0
end_of_record
TN:
SF:src/ain/sensors/EmotionalSensor.ts
FN:30,(anonymous_0)
FN:51,(anonymous_1)
FN:64,(anonymous_2)
FN:71,(anonymous_3)
FNF:4
FNH:0
FNDA:0,(anonymous_0)
FNDA:0,(anonymous_1)
FNDA:0,(anonymous_2)
FNDA:0,(anonymous_3)
DA:26,0
DA:32,0
DA:33,0
DA:34,0
DA:53,0
DA:65,0
LF:6
LH:0
BRDA:65,0,0,0
BRDA:65,0,1,0
BRF:2
BRH:0
end_of_record
TN:
SF:src/ain/services/aether-service/index.ts
FN:22,(anonymous_0)
FN:43,(anonymous_1)
FN:64,(anonymous_2)
FN:82,(anonymous_3)
FN:114,(anonymous_4)
FN:149,(anonymous_5)
FN:176,(anonymous_6)
FN:213,(anonymous_7)
FN:245,(anonymous_8)
FN:271,(anonymous_9)
FN:283,(anonymous_10)
FN:301,(anonymous_11)
FN:320,(anonymous_12)
FN:350,(anonymous_13)
FN:368,(anonymous_14)
FN:378,(anonymous_15)
FN:393,(anonymous_16)
FN:408,(anonymous_17)
FN:423,(anonymous_18)
FN:438,(anonymous_19)
FN:445,(anonymous_20)
FN:460,(anonymous_21)
FN:468,(anonymous_22)
FN:475,(anonymous_23)
FN:487,(anonymous_24)
FN:494,(anonymous_25)
FN:505,(anonymous_26)
FNF:27
FNH:0
FNDA:0,(anonymous_0)
FNDA:0,(anonymous_1)
FNDA:0,(anonymous_2)
FNDA:0,(anonymous_3)
FNDA:0,(anonymous_4)
FNDA:0,(anonymous_5)
FNDA:0,(anonymous_6)
FNDA:0,(anonymous_7)
FNDA:0,(anonymous_8)
FNDA:0,(anonymous_9)
FNDA:0,(anonymous_10)
FNDA:0,(anonymous_11)
FNDA:0,(anonymous_12)
FNDA:0,(anonymous_13)
FNDA:0,(anonymous_14)
FNDA:0,(anonymous_15)
FNDA:0,(anonymous_16)
FNDA:0,(anonymous_17)
FNDA:0,(anonymous_18)
FNDA:0,(anonymous_19)
FNDA:0,(anonymous_20)
FNDA:0,(anonymous_21)
FNDA:0,(anonymous_22)
FNDA:0,(anonymous_23)
FNDA:0,(anonymous_24)
FNDA:0,(anonymous_25)
FNDA:0,(anonymous_26)
DA:6,0
DA:7,0
DA:8,0
DA:9,0
DA:10,0
DA:11,0
DA:13,0
DA:20,0
DA:23,0
DA:26,0
DA:27,0
DA:28,0
DA:29,0
DA:32,0
DA:40,0
DA:45,0
DA:48,0
DA:49,0
DA:53,0
DA:57,0
DA:58,0
DA:66,0
DA:69,0
DA:71,0
DA:72,0
DA:76,0
DA:83,0
DA:86,0
DA:100,0
DA:108,0
DA:116,0
DA:119,0
DA:126,0
DA:134,0
DA:143,0
DA:150,0
DA:153,0
DA:161,0
DA:170,0
DA:177,0
DA:180,0
DA:188,0
DA:189,0
DA:198,0
DA:207,0
DA:215,0
DA:218,0
DA:227,0
DA:230,0
DA:239,0
DA:246,0
DA:249,0
DA:252,0
DA:256,0
DA:257,0
DA:264,0
DA:275,0
DA:283,0
DA:285,0
DA:286,0
DA:295,0
DA:303,0
DA:323,0
DA:351,0
DA:359,0
DA:362,0
DA:369,0
DA:382,0
DA:394,0
DA:402,0
DA:409,0
DA:417,0
DA:424,0
DA:426,0
DA:439,0
DA:448,0
DA:462,0
DA:469,0
DA:476,0
DA:488,0
DA:495,0
DA:506,0
DA:513,0
DA:573,0
LF:84
LH:0
BRDA:71,0,0,0
BRDA:89,1,0,0
BRDA:89,1,1,0
BRDA:121,2,0,0
BRDA:121,2,1,0
BRDA:122,3,0,0
BRDA:122,3,1,0
BRDA:155,4,0,0
BRDA:155,4,1,0
BRDA:156,5,0,0
BRDA:156,5,1,0
BRDA:182,6,0,0
BRDA:182,6,1,0
BRDA:220,7,0,0
BRDA:220,7,1,0
BRDA:256,8,0,0
BRDA:285,9,0,0
BRDA:417,10,0,0
BRDA:417,10,1,0
BRDA:427,11,0,0
BRDA:427,11,1,0
BRF:21
BRH:0
end_of_record
TN:
SF:src/ain/services/air-service/index.ts
FN:18,(anonymous_0)
FN:28,(anonymous_1)
FN:42,(anonymous_2)
FN:45,(anonymous_3)
FN:58,(anonymous_4)
FN:67,(anonymous_5)
FN:78,(anonymous_6)
FN:132,(anonymous_7)
FN:162,(anonymous_8)
FN:189,(anonymous_9)
FN:200,(anonymous_10)
FN:207,(anonymous_11)
FN:215,(anonymous_12)
FN:238,(anonymous_13)
FN:255,(anonymous_14)
FN:276,(anonymous_15)
FN:290,(anonymous_16)
FN:315,(anonymous_17)
FN:329,(anonymous_18)
FN:331,(anonymous_19)
FN:341,(anonymous_20)
FN:354,(anonymous_21)
FN:363,(anonymous_22)
FN:384,(anonymous_23)
FN:398,(anonymous_24)
FN:413,(anonymous_25)
FN:430,(anonymous_26)
FN:463,(anonymous_27)
FNF:28
FNH:0
FNDA:0,(anonymous_0)
FNDA:0,(anonymous_1)
FNDA:0,(anonymous_2)
FNDA:0,(anonymous_3)
FNDA:0,(anonymous_4)
FNDA:0,(anonymous_5)
FNDA:0,(anonymous_6)
FNDA:0,(anonymous_7)
FNDA:0,(anonymous_8)
FNDA:0,(anonymous_9)
FNDA:0,(anonymous_10)
FNDA:0,(anonymous_11)
FNDA:0,(anonymous_12)
FNDA:0,(anonymous_13)
FNDA:0,(anonymous_14)
FNDA:0,(anonymous_15)
FNDA:0,(anonymous_16)
FNDA:0,(anonymous_17)
FNDA:0,(anonymous_18)
FNDA:0,(anonymous_19)
FNDA:0,(anonymous_20)
FNDA:0,(anonymous_21)
FNDA:0,(anonymous_22)
FNDA:0,(anonymous_23)
FNDA:0,(anonymous_24)
FNDA:0,(anonymous_25)
FNDA:0,(anonymous_26)
FNDA:0,(anonymous_27)
DA:6,0
DA:7,0
DA:8,0
DA:9,0
DA:10,0
DA:12,0
DA:16,0
DA:19,0
DA:20,0
DA:21,0
DA:22,0
DA:24,0
DA:25,0
DA:30,0
DA:31,0
DA:32,0
DA:33,0
DA:36,0
DA:44,0
DA:45,0
DA:46,0
DA:47,0
DA:51,0
DA:52,0
DA:59,0
DA:67,0
DA:68,0
DA:79,0
DA:82,0
DA:91,0
DA:98,0
DA:121,0
DA:124,0
DA:125,0
DA:133,0
DA:136,0
DA:148,0
DA:156,0
DA:163,0
DA:166,0
DA:169,0
DA:176,0
DA:178,0
DA:190,0
DA:193,0
DA:196,0
DA:199,0
DA:201,0
DA:205,0
DA:207,0
DA:217,0
DA:225,0
DA:227,0
DA:228,0
DA:242,0
DA:243,0
DA:244,0
DA:245,0
DA:248,0
DA:259,0
DA:270,0
DA:278,0
DA:295,0
DA:302,0
DA:304,0
DA:306,0
DA:307,0
DA:308,0
DA:309,0
DA:317,0
DA:331,0
DA:343,0
DA:355,0
DA:356,0
DA:357,0
DA:364,0
DA:366,0
DA:375,0
DA:377,0
DA:385,0
DA:392,0
DA:400,0
DA:401,0
DA:407,0
DA:414,0
DA:421,0
DA:434,0
DA:465,0
DA:513,0
LF:89
LH:0
BRDA:124,0,0,0
BRDA:144,1,0,0
BRDA:144,1,1,0
BRDA:171,2,0,0
BRDA:171,2,1,0
BRDA:196,3,0,0
BRDA:196,3,1,0
BRDA:227,4,0,0
BRDA:242,5,0,0
BRDA:242,5,1,0
BRDA:244,6,0,0
BRDA:244,6,1,0
BRDA:295,7,0,0
BRDA:295,7,1,0
BRDA:306,8,0,0
BRDA:307,9,0,0
BRDA:308,10,0,0
BRDA:355,11,0,0
BRDA:356,12,0,0
BRDA:364,13,0,0
BRDA:364,13,1,0
BRDA:364,13,2,0
BRDA:400,14,0,0
BRDA:422,15,0,0
BRDA:422,15,1,0
BRF:25
BRH:0
end_of_record
TN:
SF:src/ain/services/earth-service/index.ts
FN:21,(anonymous_0)
FN:30,(anonymous_1)
FN:41,(anonymous_2)
FN:82,(anonymous_3)
FN:123,(anonymous_4)
FN:154,(anonymous_5)
FN:185,(anonymous_6)
FN:213,(anonymous_7)
FN:222,(anonymous_8)
FN:226,(anonymous_9)
FN:231,(anonymous_10)
FN:241,(anonymous_11)
FN:245,(anonymous_12)
FN:251,(anonymous_13)
FN:257,(anonymous_14)
FN:260,(anonymous_15)
FN:261,(anonymous_16)
FN:275,(anonymous_17)
FN:289,(anonymous_18)
FN:291,(anonymous_19)
FN:292,(anonymous_20)
FN:293,(anonymous_21)
FN:301,(anonymous_22)
FN:321,(anonymous_23)
FN:344,(anonymous_24)
FN:355,(anonymous_25)
FN:359,(anonymous_26)
FN:363,(anonymous_27)
FN:367,(anonymous_28)
FN:371,(anonymous_29)
FN:375,(anonymous_30)
FN:379,(anonymous_31)
FN:383,(anonymous_32)
FN:387,(anonymous_33)
FN:391,(anonymous_34)
FN:395,(anonymous_35)
FN:399,(anonymous_36)
FN:403,(anonymous_37)
FN:407,(anonymous_38)
FN:411,(anonymous_39)
FN:418,(anonymous_40)
FN:426,(anonymous_41)
FN:430,(anonymous_42)
FN:434,(anonymous_43)
FN:442,(anonymous_44)
FN:449,(anonymous_45)
FN:450,(anonymous_46)
FN:457,(anonymous_47)
FN:461,(anonymous_48)
FN:465,(anonymous_49)
FN:469,(anonymous_50)
FN:473,(anonymous_51)
FN:477,(anonymous_52)
FN:484,(anonymous_53)
FN:557,(anonymous_54)
FN:560,(anonymous_55)
FN:567,(anonymous_56)
FNF:57
FNH:0
FNDA:0,(anonymous_0)
FNDA:0,(anonymous_1)
FNDA:0,(anonymous_2)
FNDA:0,(anonymous_3)
FNDA:0,(anonymous_4)
FNDA:0,(anonymous_5)
FNDA:0,(anonymous_6)
FNDA:0,(anonymous_7)
FNDA:0,(anonymous_8)
FNDA:0,(anonymous_9)
FNDA:0,(anonymous_10)
FNDA:0,(anonymous_11)
FNDA:0,(anonymous_12)
FNDA:0,(anonymous_13)
FNDA:0,(anonymous_14)
FNDA:0,(anonymous_15)
FNDA:0,(anonymous_16)
FNDA:0,(anonymous_17)
FNDA:0,(anonymous_18)
FNDA:0,(anonymous_19)
FNDA:0,(anonymous_20)
FNDA:0,(anonymous_21)
FNDA:0,(anonymous_22)
FNDA:0,(anonymous_23)
FNDA:0,(anonymous_24)
FNDA:0,(anonymous_25)
FNDA:0,(anonymous_26)
FNDA:0,(anonymous_27)
FNDA:0,(anonymous_28)
FNDA:0,(anonymous_29)
FNDA:0,(anonymous_30)
FNDA:0,(anonymous_31)
FNDA:0,(anonymous_32)
FNDA:0,(anonymous_33)
FNDA:0,(anonymous_34)
FNDA:0,(anonymous_35)
FNDA:0,(anonymous_36)
FNDA:0,(anonymous_37)
FNDA:0,(anonymous_38)
FNDA:0,(anonymous_39)
FNDA:0,(anonymous_40)
FNDA:0,(anonymous_41)
FNDA:0,(anonymous_42)
FNDA:0,(anonymous_43)
FNDA:0,(anonymous_44)
FNDA:0,(anonymous_45)
FNDA:0,(anonymous_46)
FNDA:0,(anonymous_47)
FNDA:0,(anonymous_48)
FNDA:0,(anonymous_49)
FNDA:0,(anonymous_50)
FNDA:0,(anonymous_51)
FNDA:0,(anonymous_52)
FNDA:0,(anonymous_53)
FNDA:0,(anonymous_54)
FNDA:0,(anonymous_55)
FNDA:0,(anonymous_56)
DA:6,0
DA:7,0
DA:8,0
DA:13,0
DA:14,0
DA:16,0
DA:22,0
DA:23,0
DA:24,0
DA:25,0
DA:27,0
DA:32,0
DA:33,0
DA:34,0
DA:35,0
DA:42,0
DA:83,0
DA:86,0
DA:95,0
DA:101,0
DA:109,0
DA:111,0
DA:124,0
DA:127,0
DA:133,0
DA:141,0
DA:148,0
DA:155,0
DA:158,0
DA:166,0
DA:174,0
DA:186,0
DA:189,0
DA:196,0
DA:207,0
DA:216,0
DA:217,0
DA:219,0
DA:222,0
DA:226,0
DA:231,0
DA:242,0
DA:245,0
DA:251,0
DA:260,0
DA:261,0
DA:276,0
DA:283,0
DA:290,0
DA:291,0
DA:292,0
DA:293,0
DA:302,0
DA:314,0
DA:315,0
DA:325,0
DA:345,0
DA:356,0
DA:360,0
DA:364,0
DA:368,0
DA:372,0
DA:376,0
DA:380,0
DA:384,0
DA:388,0
DA:392,0
DA:396,0
DA:400,0
DA:404,0
DA:408,0
DA:415,0
DA:419,0
DA:427,0
DA:431,0
DA:435,0
DA:443,0
DA:450,0
DA:458,0
DA:462,0
DA:466,0
DA:470,0
DA:474,0
DA:478,0
DA:485,0
DA:558,0
DA:561,0
DA:562,0
DA:564,0
DA:568,0
DA:573,0
LF:91
LH:0
BRDA:198,0,0,0
BRDA:198,0,1,0
BRDA:199,1,0,0
BRDA:199,1,1,0
BRDA:243,2,0,0
BRDA:243,2,1,0
BRDA:245,3,0,0
BRDA:245,3,1,0
BRDA:248,4,0,0
BRDA:248,4,1,0
BRDA:265,5,0,0
BRDA:265,5,1,0
BRDA:267,6,0,0
BRDA:267,6,1,0
BRDA:561,7,0,0
BRDA:568,8,0,0
BRDA:568,8,1,0
BRF:17
BRH:0
end_of_record
TN:
SF:src/ain/services/fire-service/index.ts
FN:16,(anonymous_0)
FN:24,(anonymous_1)
FN:34,(anonymous_2)
FN:54,(anonymous_3)
FN:73,(anonymous_4)
FN:90,(anonymous_5)
FN:103,(anonymous_6)
FN:120,(anonymous_7)
FN:132,(anonymous_8)
FN:140,(anonymous_9)
FN:175,(anonymous_10)
FN:190,(anonymous_11)
FN:201,(anonymous_12)
FNF:13
FNH:0
FNDA:0,(anonymous_0)
FNDA:0,(anonymous_1)
FNDA:0,(anonymous_2)
FNDA:0,(anonymous_3)
FNDA:0,(anonymous_4)
FNDA:0,(anonymous_5)
FNDA:0,(anonymous_6)
FNDA:0,(anonymous_7)
FNDA:0,(anonymous_8)
FNDA:0,(anonymous_9)
FNDA:0,(anonymous_10)
FNDA:0,(anonymous_11)
FNDA:0,(anonymous_12)
DA:7,0
DA:8,0
DA:9,0
DA:11,0
DA:13,0
DA:14,0
DA:17,0
DA:18,0
DA:19,0
DA:21,0
DA:26,0
DA:27,0
DA:28,0
DA:35,0
DA:37,0
DA:38,0
DA:39,0
DA:42,0
DA:43,0
DA:55,0
DA:57,0
DA:61,0
DA:74,0
DA:77,0
DA:84,0
DA:91,0
DA:92,0
DA:93,0
DA:96,0
DA:97,0
DA:105,0
DA:113,0
DA:114,0
DA:121,0
DA:132,0
DA:133,0
DA:141,0
DA:176,0
DA:184,0
DA:192,0
DA:193,0
DA:195,0
DA:202,0
DA:203,0
DA:204,0
DA:205,0
DA:210,0
LF:47
LH:0
BRDA:37,0,0,0
BRDA:57,1,0,0
BRDA:58,2,0,0
BRDA:58,2,1,0
BRDA:192,3,0,0
BRDA:192,3,1,0
BRDA:202,4,0,0
BRDA:203,5,0,0
BRDA:204,6,0,0
BRF:9
BRH:0
end_of_record
TN:
SF:src/ain/services/water-service/index.ts
FN:21,(anonymous_0)
FN:29,(anonymous_1)
FN:40,(anonymous_2)
FN:67,(anonymous_3)
FN:96,(anonymous_4)
FN:121,(anonymous_5)
FN:145,(anonymous_6)
FN:158,(anonymous_7)
FN:192,(anonymous_8)
FN:207,(anonymous_9)
FN:220,(anonymous_10)
FN:237,(anonymous_11)
FN:251,(anonymous_12)
FN:261,(anonymous_13)
FN:269,(anonymous_14)
FN:280,(anonymous_15)
FN:292,(anonymous_16)
FN:293,(anonymous_17)
FN:305,(anonymous_18)
FN:308,(anonymous_19)
FN:318,(anonymous_20)
FNF:21
FNH:0
FNDA:0,(anonymous_0)
FNDA:0,(anonymous_1)
FNDA:0,(anonymous_2)
FNDA:0,(anonymous_3)
FNDA:0,(anonymous_4)
FNDA:0,(anonymous_5)
FNDA:0,(anonymous_6)
FNDA:0,(anonymous_7)
FNDA:0,(anonymous_8)
FNDA:0,(anonymous_9)
FNDA:0,(anonymous_10)
FNDA:0,(anonymous_11)
FNDA:0,(anonymous_12)
FNDA:0,(anonymous_13)
FNDA:0,(anonymous_14)
FNDA:0,(anonymous_15)
FNDA:0,(anonymous_16)
FNDA:0,(anonymous_17)
FNDA:0,(anonymous_18)
FNDA:0,(anonymous_19)
FNDA:0,(anonymous_20)
DA:6,0
DA:7,0
DA:8,0
DA:9,0
DA:11,0
DA:14,0
DA:22,0
DA:23,0
DA:24,0
DA:26,0
DA:31,0
DA:32,0
DA:33,0
DA:34,0
DA:42,0
DA:45,0
DA:48,0
DA:55,0
DA:56,0
DA:68,0
DA:71,0
DA:74,0
DA:81,0
DA:84,0
DA:97,0
DA:100,0
DA:108,0
DA:122,0
DA:125,0
DA:131,0
DA:139,0
DA:146,0
DA:163,0
DA:185,0
DA:186,0
DA:193,0
DA:199,0
DA:208,0
DA:221,0
DA:230,0
DA:231,0
DA:239,0
DA:249,0
DA:251,0
DA:252,0
DA:255,0
DA:262,0
DA:263,0
DA:270,0
DA:272,0
DA:274,0
DA:281,0
DA:292,0
DA:293,0
DA:295,0
DA:306,0
DA:308,0
DA:312,0
DA:320,0
DA:374,0
LF:60
LH:0
BRDA:55,0,0,0
BRDA:210,1,0,0
BRDA:210,1,1,0
BRDA:212,2,0,0
BRDA:212,2,1,0
BRDA:292,3,0,0
BRDA:292,3,1,0
BRDA:297,4,0,0
BRDA:297,4,1,0
BRDA:307,5,0,0
BRDA:307,5,1,0
BRF:11
BRH:0
end_of_record
TN:
SF:src/ain/symbolic/RuleEngine.ts
FN:22,(anonymous_0)
FN:31,(anonymous_1)
FN:38,(anonymous_2)
FN:50,(anonymous_3)
FN:57,(anonymous_4)
FNF:5
FNH:0
FNDA:0,(anonymous_0)
FNDA:0,(anonymous_1)
FNDA:0,(anonymous_2)
FNDA:0,(anonymous_3)
FNDA:0,(anonymous_4)
DA:19,0
DA:20,0
DA:23,0
DA:24,0
DA:32,0
DA:40,0
DA:51,0
DA:59,0
LF:8
LH:0
BRDA:23,0,0,0
BRF:1
BRH:0
end_of_record
TN:
SF:src/ain/symbolic/SymbolicMemory.ts
FN:19,(anonymous_0)
FN:26,(anonymous_1)
FN:61,(anonymous_2)
FN:63,(anonymous_3)
FN:70,(anonymous_4)
FN:78,(anonymous_5)
FN:80,(anonymous_6)
FN:89,(anonymous_7)
FNF:8
FNH:0
FNDA:0,(anonymous_0)
FNDA:0,(anonymous_1)
FNDA:0,(anonymous_2)
FNDA:0,(anonymous_3)
FNDA:0,(anonymous_4)
FNDA:0,(anonymous_5)
FNDA:0,(anonymous_6)
FNDA:0,(anonymous_7)
DA:15,0
DA:16,0
DA:20,0
DA:35,0
DA:36,0
DA:37,0
DA:38,0
DA:40,0
DA:41,0
DA:42,0
DA:44,0
DA:46,0
DA:55,0
DA:62,0
DA:63,0
DA:71,0
DA:72,0
DA:79,0
DA:81,0
DA:91,0
LF:20
LH:0
BRDA:19,0,0,0
BRDA:29,1,0,0
BRDA:35,2,0,0
BRDA:35,2,1,0
BRDA:40,3,0,0
BRDA:40,3,1,0
BRDA:42,4,0,0
BRDA:42,4,1,0
BRDA:72,5,0,0
BRDA:72,5,1,0
BRDA:81,6,0,0
BRDA:81,6,1,0
BRF:12
BRH:0
end_of_record
TN:
SF:src/ain/types/index.ts
FN:7,(anonymous_0)
FN:16,(anonymous_1)
FN:317,(anonymous_2)
FN:329,(anonymous_3)
FN:335,(anonymous_4)
FN:341,(anonymous_5)
FNF:6
FNH:0
FNDA:0,(anonymous_0)
FNDA:0,(anonymous_1)
FNDA:0,(anonymous_2)
FNDA:0,(anonymous_3)
FNDA:0,(anonymous_4)
FNDA:0,(anonymous_5)
DA:7,0
DA:8,0
DA:9,0
DA:10,0
DA:11,0
DA:12,0
DA:16,0
DA:17,0
DA:18,0
DA:19,0
DA:20,0
DA:21,0
DA:22,0
DA:23,0
DA:24,0
DA:25,0
DA:26,0
DA:316,0
DA:319,0
DA:320,0
DA:321,0
DA:323,0
DA:324,0
DA:328,0
DA:330,0
DA:334,0
DA:336,0
DA:340,0
DA:342,0
DA:352,0
DA:360,0
DA:367,0
LF:32
LH:0
BRDA:7,0,0,0
BRDA:7,0,1,0
BRDA:16,1,0,0
BRDA:16,1,1,0
BRDA:321,2,0,0
BRF:5
BRH:0
end_of_record
TN:
SF:src/api/index.ts
FN:50,(anonymous_1)
FN:75,(anonymous_2)
FN:104,(anonymous_3)
FN:124,(anonymous_4)
FNF:4
FNH:0
FNDA:0,(anonymous_1)
FNDA:0,(anonymous_2)
FNDA:0,(anonymous_3)
FNDA:0,(anonymous_4)
DA:4,0
DA:5,0
DA:6,0
DA:7,0
DA:8,0
DA:9,0
DA:10,0
DA:11,0
DA:13,0
DA:16,0
DA:22,0
DA:28,0
DA:34,0
DA:40,0
DA:45,0
DA:50,0
DA:51,0
DA:75,0
DA:76,0
DA:104,0
DA:105,0
DA:111,0
DA:124,0
DA:125,0
DA:133,0
DA:143,0
LF:26
LH:0
BRDA:65,0,0,0
BRDA:65,0,1,0
BRDA:80,1,0,0
BRDA:80,1,1,0
BRDA:81,2,0,0
BRDA:81,2,1,0
BRF:6
BRH:0
end_of_record
TN:
SF:src/api/middleware/responseFormatter.ts
FN:18,responseFormatter
FN:26,(anonymous_1)
FN:44,(anonymous_2)
FN:69,addRequestId
FNF:4
FNH:0
FNDA:0,responseFormatter
FNDA:0,(anonymous_1)
FNDA:0,(anonymous_2)
FNDA:0,addRequestId
DA:18,0
DA:26,0
DA:27,0
DA:38,0
DA:44,0
DA:48,0
DA:50,0
DA:60,0
DA:63,0
DA:69,0
DA:74,0
DA:75,0
DA:80,0
DA:82,0
DA:85,0
LF:15
LH:0
BRDA:26,0,0,0
BRDA:33,1,0,0
BRDA:33,1,1,0
BRDA:46,2,0,0
BRDA:48,3,0,0
BRDA:48,3,1,0
BRDA:55,4,0,0
BRDA:55,4,1,0
BRDA:74,5,0,0
BRF:9
BRH:0
end_of_record
TN:
SF:src/api/routes/ainEngineRouter.ts
FN:32,(anonymous_1)
FN:92,(anonymous_2)
FN:93,(anonymous_3)
FN:99,(anonymous_4)
FN:119,(anonymous_5)
FN:142,(anonymous_6)
FN:147,(anonymous_7)
FN:153,(anonymous_8)
FN:158,(anonymous_9)
FN:207,(anonymous_10)
FN:227,(anonymous_11)
FN:231,(anonymous_12)
FN:237,(anonymous_13)
FN:274,(anonymous_14)
FN:382,(anonymous_15)
FNF:15
FNH:0
FNDA:0,(anonymous_1)
FNDA:0,(anonymous_2)
FNDA:0,(anonymous_3)
FNDA:0,(anonymous_4)
FNDA:0,(anonymous_5)
FNDA:0,(anonymous_6)
FNDA:0,(anonymous_7)
FNDA:0,(anonymous_8)
FNDA:0,(anonymous_9)
FNDA:0,(anonymous_10)
FNDA:0,(anonymous_11)
FNDA:0,(anonymous_12)
FNDA:0,(anonymous_13)
FNDA:0,(anonymous_14)
FNDA:0,(anonymous_15)
DA:4,0
DA:5,0
DA:6,0
DA:7,0
DA:12,0
DA:13,0
DA:15,0
DA:18,0
DA:32,0
DA:37,0
DA:38,0
DA:40,0
DA:41,0
DA:46,0
DA:50,0
DA:51,0
DA:55,0
DA:56,0
DA:58,0
DA:63,0
DA:65,0
DA:66,0
DA:71,0
DA:85,0
DA:92,0
DA:93,0
DA:94,0
DA:95,0
DA:96,0
DA:98,0
DA:99,0
DA:101,0
DA:114,0
DA:120,0
DA:121,0
DA:123,0
DA:129,0
DA:134,0
DA:135,0
DA:138,0
DA:141,0
DA:142,0
DA:145,0
DA:146,0
DA:147,0
DA:151,0
DA:152,0
DA:153,0
DA:158,0
DA:172,0
DA:184,0
DA:186,0
DA:190,0
DA:202,0
DA:208,0
DA:209,0
DA:211,0
DA:217,0
DA:219,0
DA:220,0
DA:223,0
DA:226,0
DA:227,0
DA:230,0
DA:231,0
DA:232,0
DA:236,0
DA:237,0
DA:240,0
DA:252,0
DA:254,0
DA:258,0
DA:270,0
DA:275,0
DA:276,0
DA:281,0
DA:348,0
DA:360,0
DA:362,0
DA:366,0
DA:378,0
DA:383,0
DA:384,0
DA:388,0
DA:411,0
DA:421,0
DA:423,0
DA:427,0
DA:432,0
LF:89
LH:0
BRDA:40,0,0,0
BRDA:47,1,0,0
BRDA:47,1,1,0
BRDA:50,2,0,0
BRDA:98,3,0,0
BRDA:98,3,1,0
BRDA:134,4,0,0
BRDA:138,5,0,0
BRDA:138,5,1,0
BRDA:141,6,0,0
BRDA:145,7,0,0
BRDA:151,8,0,0
BRDA:187,9,0,0
BRDA:187,9,1,0
BRDA:219,10,0,0
BRDA:223,11,0,0
BRDA:223,11,1,0
BRDA:226,12,0,0
BRDA:230,13,0,0
BRDA:236,14,0,0
BRDA:255,15,0,0
BRDA:255,15,1,0
BRDA:363,16,0,0
BRDA:363,16,1,0
BRDA:424,17,0,0
BRDA:424,17,1,0
BRF:26
BRH:0
end_of_record
TN:
SF:src/api/routes/developerRouter.ts
FN:48,(anonymous_1)
FN:78,(anonymous_2)
FN:110,(anonymous_3)
FN:114,(anonymous_4)
FN:140,(anonymous_5)
FN:147,(anonymous_6)
FN:148,(anonymous_7)
FN:181,(anonymous_8)
FN:193,(anonymous_9)
FN:241,(anonymous_10)
FN:262,(anonymous_11)
FN:313,(anonymous_12)
FN:320,(anonymous_13)
FN:325,(anonymous_14)
FN:326,(anonymous_15)
FN:331,(anonymous_16)
FN:335,(anonymous_17)
FN:339,(anonymous_18)
FN:370,(anonymous_19)
FNF:19
FNH:0
FNDA:0,(anonymous_1)
FNDA:0,(anonymous_2)
FNDA:0,(anonymous_3)
FNDA:0,(anonymous_4)
FNDA:0,(anonymous_5)
FNDA:0,(anonymous_6)
FNDA:0,(anonymous_7)
FNDA:0,(anonymous_8)
FNDA:0,(anonymous_9)
FNDA:0,(anonymous_10)
FNDA:0,(anonymous_11)
FNDA:0,(anonymous_12)
FNDA:0,(anonymous_13)
FNDA:0,(anonymous_14)
FNDA:0,(anonymous_15)
FNDA:0,(anonymous_16)
FNDA:0,(anonymous_17)
FNDA:0,(anonymous_18)
FNDA:0,(anonymous_19)
DA:4,0
DA:5,0
DA:6,0
DA:7,0
DA:12,0
DA:14,0
DA:17,0
DA:43,0
DA:45,0
DA:48,0
DA:49,0
DA:64,0
DA:65,0
DA:71,0
DA:78,0
DA:83,0
DA:84,0
DA:86,0
DA:87,0
DA:94,0
DA:96,0
DA:98,0
DA:99,0
DA:104,0
DA:110,0
DA:111,0
DA:114,0
DA:115,0
DA:116,0
DA:118,0
DA:119,0
DA:120,0
DA:123,0
DA:124,0
DA:136,0
DA:141,0
DA:142,0
DA:144,0
DA:146,0
DA:147,0
DA:149,0
DA:150,0
DA:161,0
DA:163,0
DA:167,0
DA:177,0
DA:182,0
DA:183,0
DA:184,0
DA:186,0
DA:192,0
DA:193,0
DA:196,0
DA:197,0
DA:203,0
DA:218,0
DA:221,0
DA:230,0
DA:236,0
DA:238,0
DA:239,0
DA:241,0
DA:244,0
DA:248,0
DA:258,0
DA:263,0
DA:264,0
DA:265,0
DA:267,0
DA:269,0
DA:271,0
DA:272,0
DA:275,0
DA:276,0
DA:282,0
DA:283,0
DA:285,0
DA:287,0
DA:294,0
DA:299,0
DA:309,0
DA:314,0
DA:315,0
DA:317,0
DA:319,0
DA:320,0
DA:323,0
DA:325,0
DA:327,0
DA:328,0
DA:331,0
DA:335,0
DA:339,0
DA:348,0
DA:350,0
DA:354,0
DA:366,0
DA:371,0
DA:372,0
DA:376,0
DA:471,0
DA:478,0
DA:485,0
DA:489,0
DA:496,0
LF:105
LH:0
BRDA:86,0,0,0
BRDA:116,1,0,0
BRDA:118,2,0,0
BRDA:164,3,0,0
BRDA:164,3,1,0
BRDA:193,4,0,0
BRDA:193,4,1,0
BRDA:196,5,0,0
BRDA:238,6,0,0
BRDA:245,7,0,0
BRDA:245,7,1,0
BRDA:271,8,0,0
BRDA:275,9,0,0
BRDA:295,10,0,0
BRDA:295,10,1,0
BRDA:320,11,0,0
BRDA:320,11,1,0
BRDA:351,12,0,0
BRDA:351,12,1,0
BRDA:486,13,0,0
BRDA:486,13,1,0
BRF:21
BRH:0
end_of_record
TN:
SF:src/api/routes/oracleRouter.ts
FN:21,(anonymous_0)
FN:31,(anonymous_1)
FNF:2
FNH:0
FNDA:0,(anonymous_0)
FNDA:0,(anonymous_1)
DA:1,0
DA:2,0
DA:3,0
DA:5,0
DA:6,0
DA:21,0
DA:22,0
DA:23,0
DA:25,0
DA:26,0
DA:31,0
DA:32,0
DA:33,0
DA:36,0
DA:46,0
DA:48,0
DA:49,0
DA:56,0
LF:18
LH:0
BRDA:25,0,0,0
BRDA:25,1,0,0
BRDA:25,1,1,0
BRDA:25,1,2,0
BRDA:38,2,0,0
BRDA:38,2,1,0
BRDA:39,3,0,0
BRDA:39,3,1,0
BRDA:39,3,2,0
BRDA:51,4,0,0
BRDA:51,4,1,0
BRF:11
BRH:0
end_of_record
TN:
SF:src/api/routes/personalOracleRouter.ts
FN:59,(anonymous_0)
FN:103,(anonymous_1)
FN:131,(anonymous_2)
FN:163,(anonymous_3)
FN:210,(anonymous_4)
FN:255,(anonymous_5)
FN:318,(anonymous_6)
FN:364,(anonymous_7)
FNF:8
FNH:0
FNDA:0,(anonymous_0)
FNDA:0,(anonymous_1)
FNDA:0,(anonymous_2)
FNDA:0,(anonymous_3)
FNDA:0,(anonymous_4)
FNDA:0,(anonymous_5)
FNDA:0,(anonymous_6)
FNDA:0,(anonymous_7)
DA:4,0
DA:5,0
DA:10,0
DA:15,0
DA:19,0
DA:20,0
DA:21,0
DA:22,0
DA:24,0
DA:27,0
DA:40,0
DA:54,0
DA:60,0
DA:62,0
DA:63,0
DA:69,0
DA:77,0
DA:79,0
DA:81,0
DA:87,0
DA:100,0
DA:104,0
DA:106,0
DA:107,0
DA:108,0
DA:110,0
DA:116,0
DA:127,0
DA:132,0
DA:134,0
DA:135,0
DA:136,0
DA:141,0
DA:143,0
DA:149,0
DA:160,0
DA:164,0
DA:166,0
DA:167,0
DA:168,0
DA:173,0
DA:175,0
DA:181,0
DA:194,0
DA:211,0
DA:213,0
DA:215,0
DA:224,0
DA:225,0
DA:227,0
DA:233,0
DA:244,0
DA:256,0
DA:258,0
DA:259,0
DA:261,0
DA:263,0
DA:270,0
DA:271,0
DA:274,0
DA:286,0
DA:292,0
DA:303,0
DA:319,0
DA:321,0
DA:322,0
DA:324,0
DA:331,0
DA:332,0
DA:335,0
DA:347,0
DA:353,0
DA:364,0
DA:365,0
DA:366,0
DA:375,0
DA:379,0
LF:77
LH:0
BRDA:82,0,0,0
BRDA:82,0,1,0
BRDA:111,1,0,0
BRDA:111,1,1,0
BRDA:144,2,0,0
BRDA:144,2,1,0
BRDA:167,3,0,0
BRDA:167,3,1,0
BRDA:176,4,0,0
BRDA:176,4,1,0
BRDA:228,5,0,0
BRDA:228,5,1,0
BRDA:259,6,0,0
BRDA:259,6,1,0
BRDA:287,7,0,0
BRDA:287,7,1,0
BRDA:322,8,0,0
BRDA:322,8,1,0
BRDA:348,9,0,0
BRDA:348,9,1,0
BRDA:371,10,0,0
BRDA:371,10,1,0
BRF:22
BRH:0
end_of_record
TN:
SF:src/config/archetypalVoiceProfiles.ts
FN:118,(anonymous_0)
FN:132,(anonymous_1)
FN:170,(anonymous_2)
FN:238,(anonymous_3)
FNF:4
FNH:0
FNDA:0,(anonymous_0)
FNDA:0,(anonymous_1)
FNDA:0,(anonymous_2)
FNDA:0,(anonymous_3)
DA:23,0
DA:114,0
DA:119,0
DA:121,0
DA:123,0
DA:126,0
DA:137,0
DA:139,0
DA:140,0
DA:143,0
DA:146,0
DA:159,0
DA:171,0
DA:174,0
DA:177,0
DA:188,0
DA:196,0
DA:207,0
DA:220,0
DA:231,0
DA:248,0
DA:252,0
DA:254,0
DA:268,0
LF:24
LH:0
BRDA:121,0,0,0
BRDA:135,1,0,0
BRDA:139,2,0,0
BRDA:154,3,0,0
BRDA:154,3,1,0
BRDA:155,4,0,0
BRDA:155,4,1,0
BRDA:174,5,0,0
BRDA:174,5,1,0
BRDA:174,5,2,0
BRDA:174,5,3,0
BRDA:174,5,4,0
BRDA:174,5,5,0
BRDA:242,6,0,0
BRDA:248,7,0,0
BRDA:248,7,1,0
BRF:16
BRH:0
end_of_record
TN:
SF:src/config/archetypalVoices.ts
FN:356,(anonymous_0)
FN:406,(anonymous_1)
FN:417,(anonymous_2)
FN:433,(anonymous_3)
FN:454,(anonymous_4)
FN:478,(anonymous_5)
FNF:6
FNH:0
FNDA:0,(anonymous_0)
FNDA:0,(anonymous_1)
FNDA:0,(anonymous_2)
FNDA:0,(anonymous_3)
FNDA:0,(anonymous_4)
FNDA:0,(anonymous_5)
DA:62,0
DA:352,0
DA:362,0
DA:363,0
DA:365,0
DA:368,0
DA:370,0
DA:374,0
DA:376,0
DA:380,0
DA:384,0
DA:385,0
DA:392,0
DA:393,0
DA:400,0
DA:411,0
DA:412,0
DA:414,0
DA:417,0
DA:418,0
DA:429,0
DA:433,0
DA:434,0
DA:441,0
DA:442,0
DA:448,0
DA:460,0
DA:462,0
DA:484,0
DA:485,0
DA:489,0
DA:493,0
DA:497,0
DA:501,0
DA:505,0
LF:35
LH:0
BRDA:359,0,0,0
BRDA:360,1,0,0
BRDA:363,2,0,0
BRDA:368,3,0,0
BRDA:368,3,1,0
BRDA:384,4,0,0
BRDA:392,5,0,0
BRDA:409,6,0,0
BRDA:412,7,0,0
BRDA:430,8,0,0
BRDA:430,8,1,0
BRDA:430,9,0,0
BRDA:430,9,1,0
BRDA:441,10,0,0
BRDA:489,11,0,0
BRDA:489,11,1,0
BRDA:497,12,0,0
BRDA:497,12,1,0
BRF:18
BRH:0
end_of_record
TN:
SF:src/config/index.ts
FNF:0
FNH:0
DA:3,0
DA:32,0
LF:2
LH:0
BRDA:34,0,0,0
BRDA:34,0,1,0
BRDA:35,1,0,0
BRDA:35,1,1,0
BRDA:38,2,0,0
BRDA:38,2,1,0
BRDA:40,3,0,0
BRDA:40,3,1,0
BRDA:43,4,0,0
BRDA:43,4,1,0
BRDA:44,5,0,0
BRDA:44,5,1,0
BRDA:47,6,0,0
BRDA:47,6,1,0
BRDA:48,7,0,0
BRDA:48,7,1,0
BRDA:51,8,0,0
BRDA:51,8,1,0
BRDA:54,9,0,0
BRDA:54,9,1,0
BRDA:55,10,0,0
BRDA:55,10,1,0
BRDA:56,11,0,0
BRDA:56,11,1,0
BRF:24
BRH:0
end_of_record
TN:
SF:src/config/jwt.ts
FN:18,(anonymous_0)
FN:38,validateJWTConfig
FNF:2
FNH:0
FNDA:0,(anonymous_0)
FNDA:0,validateJWTConfig
DA:2,0
DA:15,0
DA:19,0
DA:20,0
DA:21,0
DA:25,0
DA:26,0
DA:38,0
DA:39,0
DA:40,0
DA:44,0
DA:45,0
DA:46,0
DA:51,0
DA:52,0
DA:57,0
DA:68,0
DA:87,0
DA:88,0
DA:90,0
DA:93,0
DA:94,0
LF:22
LH:0
BRDA:17,0,0,0
BRDA:17,0,1,0
BRDA:19,1,0,0
BRDA:29,2,0,0
BRDA:29,2,1,0
BRDA:30,3,0,0
BRDA:30,3,1,0
BRDA:31,4,0,0
BRDA:31,4,1,0
BRDA:32,5,0,0
BRDA:32,5,1,0
BRDA:39,6,0,0
BRDA:39,7,0,0
BRDA:39,7,1,0
BRDA:45,8,0,0
BRDA:51,9,0,0
BRDA:91,10,0,0
BRDA:91,10,1,0
BRDA:93,11,0,0
BRF:19
BRH:0
end_of_record
TN:
SF:src/config/mayaSystemPrompt.ts
FN:95,(anonymous_0)
FN:123,(anonymous_1)
FN:135,(anonymous_2)
FN:150,(anonymous_3)
FN:165,(anonymous_4)
FN:175,(anonymous_5)
FN:192,(anonymous_6)
FN:225,(anonymous_7)
FN:252,(anonymous_8)
FN:266,(anonymous_9)
FN:281,(anonymous_10)
FN:293,(anonymous_11)
FNF:12
FNH:0
FNDA:0,(anonymous_0)
FNDA:0,(anonymous_1)
FNDA:0,(anonymous_2)
FNDA:0,(anonymous_3)
FNDA:0,(anonymous_4)
FNDA:0,(anonymous_5)
FNDA:0,(anonymous_6)
FNDA:0,(anonymous_7)
FNDA:0,(anonymous_8)
FNDA:0,(anonymous_9)
FNDA:0,(anonymous_10)
FNDA:0,(anonymous_11)
DA:6,0
DA:91,0
DA:99,0
DA:100,0
DA:101,0
DA:102,0
DA:103,0
DA:105,0
DA:125,0
DA:133,0
DA:135,0
DA:136,0
DA:137,0
DA:144,0
DA:151,0
DA:152,0
DA:155,0
DA:156,0
DA:159,0
DA:166,0
DA:167,0
DA:169,0
DA:176,0
DA:184,0
DA:195,0
DA:200,0
DA:203,0
DA:208,0
DA:211,0
DA:216,0
DA:219,0
DA:231,0
DA:233,0
DA:235,0
DA:236,0
DA:240,0
DA:242,0
DA:243,0
DA:246,0
DA:256,0
DA:259,0
DA:266,0
DA:267,0
DA:268,0
DA:273,0
DA:281,0
DA:282,0
DA:283,0
DA:287,0
DA:297,0
DA:305,0
DA:306,0
DA:307,0
DA:310,0
DA:314,0
LF:55
LH:0
BRDA:136,0,0,0
BRDA:151,1,0,0
BRDA:155,2,0,0
BRDA:166,3,0,0
BRDA:185,4,0,0
BRDA:185,4,1,0
BRDA:195,5,0,0
BRDA:196,6,0,0
BRDA:196,6,1,0
BRDA:196,6,2,0
BRDA:203,7,0,0
BRDA:204,8,0,0
BRDA:204,8,1,0
BRDA:204,8,2,0
BRDA:211,9,0,0
BRDA:212,10,0,0
BRDA:212,10,1,0
BRDA:212,10,2,0
BRDA:235,11,0,0
BRDA:242,12,0,0
BRDA:267,13,0,0
BRDA:282,14,0,0
BRDA:306,15,0,0
BRF:23
BRH:0
end_of_record
TN:
SF:src/config/redis.ts
FNF:0
FNH:0
DA:1,0
DA:3,0
DA:7,0
LF:3
LH:0
BRDA:4,0,0,0
BRDA:4,0,1,0
BRF:2
BRH:0
end_of_record
TN:
SF:src/config/voiceProfiles.ts
FN:157,isValidVoiceProfile
FN:169,getVoiceProfileKey
FN:188,getElevenLabsConfig
FNF:3
FNH:0
FNDA:0,isValidVoiceProfile
FNDA:0,getVoiceProfileKey
FNDA:0,getElevenLabsConfig
DA:36,0
DA:59,0
DA:72,0
DA:132,0
DA:149,0
DA:157,0
DA:158,0
DA:169,0
DA:174,0
DA:175,0
DA:179,0
DA:180,0
DA:184,0
DA:188,0
DA:189,0
LF:15
LH:0
BRDA:159,0,0,0
BRDA:159,0,1,0
BRDA:159,0,2,0
BRDA:159,0,3,0
BRDA:159,0,4,0
BRDA:159,0,5,0
BRDA:174,1,0,0
BRDA:174,2,0,0
BRDA:174,2,1,0
BRDA:179,3,0,0
BRDA:190,4,0,0
BRDA:190,4,1,0
BRF:12
BRH:0
end_of_record
TN:
SF:src/config/voices.ts
FNF:0
FNH:0
DA:1,0
DA:2,0
DA:4,0
LF:3
LH:0
BRF:0
BRH:0
end_of_record
TN:
SF:src/constants/elementalFacetMap.ts
FN:154,getFacetById
FN:157,(anonymous_1)
FN:163,getFacetsByPhase
FN:166,(anonymous_3)
FN:171,getAllFacets
FN:173,(anonymous_5)
FNF:6
FNH:0
FNDA:0,getFacetById
FNDA:0,(anonymous_1)
FNDA:0,getFacetsByPhase
FNDA:0,(anonymous_3)
FNDA:0,getAllFacets
FNDA:0,(anonymous_5)
DA:3,0
DA:154,0
DA:155,0
DA:156,0
DA:157,0
DA:158,0
DA:160,0
DA:163,0
DA:164,0
DA:165,0
DA:166,0
DA:168,0
DA:171,0
DA:172,0
DA:173,0
DA:174,0
DA:176,0
LF:17
LH:0
BRDA:158,0,0,0
BRF:1
BRH:0
end_of_record
TN:
SF:src/constants/feedbackPrompts.ts
FNF:0
FNH:0
DA:3,0
LF:1
LH:0
BRF:0
BRH:0
end_of_record
TN:
SF:src/controllers/journal.controller.ts
FN:6,journalHandler
FN:27,(anonymous_1)
FNF:2
FNH:0
FNDA:0,journalHandler
FNDA:0,(anonymous_1)
DA:4,0
DA:6,0
DA:7,0
DA:9,0
DA:10,0
DA:15,0
DA:17,0
DA:20,0
DA:27,0
DA:28,0
DA:31,0
DA:33,0
DA:35,0
DA:42,0
DA:44,0
DA:45,0
LF:16
LH:0
BRDA:9,0,0,0
BRDA:9,1,0,0
BRDA:9,1,1,0
BRDA:31,2,0,0
BRF:4
BRH:0
end_of_record
TN:
SF:src/controllers/memory.controller.ts
FN:9,storeMemory
FN:33,getMemories
FN:49,createSharedSpace
FN:75,listSharedSpaces
FNF:4
FNH:0
FNDA:0,storeMemory
FNDA:0,getMemories
FNDA:0,createSharedSpace
FNDA:0,listSharedSpaces
DA:4,0
DA:5,0
DA:7,0
DA:9,0
DA:10,0
DA:11,0
DA:12,0
DA:13,0
DA:18,0
DA:19,0
DA:24,0
DA:25,0
DA:27,0
DA:33,0
DA:34,0
DA:35,0
DA:36,0
DA:37,0
DA:40,0
DA:41,0
DA:43,0
DA:49,0
DA:50,0
DA:51,0
DA:52,0
DA:53,0
DA:61,0
DA:62,0
DA:67,0
DA:69,0
DA:75,0
DA:76,0
DA:77,0
DA:78,0
DA:79,0
DA:82,0
DA:83,0
DA:85,0
LF:38
LH:0
BRDA:12,0,0,0
BRDA:18,1,0,0
BRDA:18,1,1,0
BRDA:22,2,0,0
BRDA:22,2,1,0
BRDA:36,3,0,0
BRDA:52,4,0,0
BRDA:61,5,0,0
BRDA:61,5,1,0
BRDA:78,6,0,0
BRF:10
BRH:0
end_of_record
TN:
SF:src/controllers/personalGuide.controller.ts
FN:5,getGuideInfo
FN:25,askPersonalOracle
FNF:2
FNH:0
FNDA:0,getGuideInfo
FNDA:0,askPersonalOracle
DA:2,0
DA:3,0
DA:5,0
DA:6,0
DA:7,0
DA:8,0
DA:9,0
DA:11,0
DA:13,0
DA:20,0
DA:21,0
DA:25,0
DA:26,0
DA:27,0
DA:28,0
DA:30,0
DA:31,0
DA:34,0
DA:36,0
DA:38,0
DA:39,0
LF:21
LH:0
BRDA:8,0,0,0
BRDA:30,1,0,0
BRDA:30,2,0,0
BRDA:30,2,1,0
BRF:4
BRH:0
end_of_record
TN:
SF:src/controllers/survey.controller.ts
FN:9,handleSurveySubmission
FN:48,(anonymous_1)
FNF:2
FNH:0
FNDA:0,handleSurveySubmission
FNDA:0,(anonymous_1)
DA:4,0
DA:5,0
DA:6,0
DA:9,0
DA:13,0
DA:15,0
DA:20,0
DA:21,0
DA:27,0
DA:30,0
DA:34,0
DA:35,0
DA:39,0
DA:47,0
DA:48,0
DA:49,0
DA:50,0
DA:51,0
DA:56,0
DA:78,0
DA:79,0
DA:80,0
DA:87,0
DA:93,0
DA:94,0
DA:100,0
DA:111,0
DA:112,0
LF:28
LH:0
BRDA:20,0,0,0
BRDA:34,1,0,0
BRDA:34,2,0,0
BRDA:34,2,1,0
BRDA:49,3,0,0
BRDA:49,4,0,0
BRDA:49,4,1,0
BRDA:49,4,2,0
BRDA:79,5,0,0
BRDA:93,6,0,0
BRDA:93,7,0,0
BRDA:93,7,1,0
BRDA:111,8,0,0
BRDA:111,8,1,0
BRF:14
BRH:0
end_of_record
TN:
SF:src/core/ElementalAlchemyHoloflower.ts
FN:218,(anonymous_0)
FN:222,(anonymous_1)
FN:227,(anonymous_2)
FN:308,(anonymous_3)
FN:309,(anonymous_4)
FN:318,(anonymous_5)
FN:319,(anonymous_6)
FN:327,(anonymous_7)
FN:333,(anonymous_8)
FN:334,(anonymous_9)
FN:343,(anonymous_10)
FN:378,(anonymous_11)
FN:380,(anonymous_12)
FN:382,(anonymous_13)
FN:383,(anonymous_14)
FN:387,(anonymous_15)
FN:398,(anonymous_16)
FN:400,(anonymous_17)
FN:403,(anonymous_18)
FN:419,(anonymous_19)
FN:421,(anonymous_20)
FN:424,(anonymous_21)
FN:435,(anonymous_22)
FN:446,(anonymous_23)
FN:447,(anonymous_24)
FN:448,(anonymous_25)
FN:449,(anonymous_26)
FN:453,(anonymous_27)
FN:456,(anonymous_28)
FN:475,(anonymous_29)
FN:476,(anonymous_30)
FN:477,(anonymous_31)
FN:504,(anonymous_32)
FN:506,(anonymous_33)
FN:518,(anonymous_34)
FN:533,(anonymous_35)
FN:553,(anonymous_36)
FNF:37
FNH:0
FNDA:0,(anonymous_0)
FNDA:0,(anonymous_1)
FNDA:0,(anonymous_2)
FNDA:0,(anonymous_3)
FNDA:0,(anonymous_4)
FNDA:0,(anonymous_5)
FNDA:0,(anonymous_6)
FNDA:0,(anonymous_7)
FNDA:0,(anonymous_8)
FNDA:0,(anonymous_9)
FNDA:0,(anonymous_10)
FNDA:0,(anonymous_11)
FNDA:0,(anonymous_12)
FNDA:0,(anonymous_13)
FNDA:0,(anonymous_14)
FNDA:0,(anonymous_15)
FNDA:0,(anonymous_16)
FNDA:0,(anonymous_17)
FNDA:0,(anonymous_18)
FNDA:0,(anonymous_19)
FNDA:0,(anonymous_20)
FNDA:0,(anonymous_21)
FNDA:0,(anonymous_22)
FNDA:0,(anonymous_23)
FNDA:0,(anonymous_24)
FNDA:0,(anonymous_25)
FNDA:0,(anonymous_26)
FNDA:0,(anonymous_27)
FNDA:0,(anonymous_28)
FNDA:0,(anonymous_29)
FNDA:0,(anonymous_30)
FNDA:0,(anonymous_31)
FNDA:0,(anonymous_32)
FNDA:0,(anonymous_33)
FNDA:0,(anonymous_34)
FNDA:0,(anonymous_35)
FNDA:0,(anonymous_36)
DA:59,0
DA:61,0
DA:64,0
DA:219,0
DA:226,0
DA:227,0
DA:237,0
DA:277,0
DA:285,0
DA:292,0
DA:309,0
DA:310,0
DA:312,0
DA:313,0
DA:314,0
DA:319,0
DA:321,0
DA:322,0
DA:328,0
DA:329,0
DA:330,0
DA:333,0
DA:334,0
DA:336,0
DA:337,0
DA:347,0
DA:349,0
DA:351,0
DA:352,0
DA:353,0
DA:356,0
DA:357,0
DA:358,0
DA:359,0
DA:362,0
DA:366,0
DA:369,0
DA:370,0
DA:371,0
DA:374,0
DA:380,0
DA:381,0
DA:383,0
DA:386,0
DA:387,0
DA:392,0
DA:398,0
DA:399,0
DA:400,0
DA:402,0
DA:403,0
DA:406,0
DA:413,0
DA:419,0
DA:420,0
DA:421,0
DA:423,0
DA:424,0
DA:427,0
DA:434,0
DA:435,0
DA:437,0
DA:440,0
DA:447,0
DA:448,0
DA:449,0
DA:454,0
DA:456,0
DA:458,0
DA:461,0
DA:463,0
DA:470,0
DA:471,0
DA:476,0
DA:477,0
DA:479,0
DA:481,0
DA:483,0
DA:484,0
DA:486,0
DA:488,0
DA:489,0
DA:492,0
DA:493,0
DA:496,0
DA:497,0
DA:500,0
DA:505,0
DA:506,0
DA:519,0
DA:520,0
DA:534,0
DA:535,0
DA:536,0
DA:538,0
DA:539,0
DA:540,0
DA:541,0
DA:543,0
DA:549,0
DA:554,0
LF:101
LH:0
BRDA:231,0,0,0
BRDA:231,0,1,0
BRDA:296,1,0,0
BRDA:296,1,1,0
BRDA:301,2,0,0
BRDA:301,2,1,0
BRDA:310,3,0,0
BRDA:329,4,0,0
BRDA:336,5,0,0
BRDA:336,6,0,0
BRDA:336,6,1,0
BRDA:349,7,0,0
BRDA:349,7,1,0
BRDA:349,7,2,0
BRDA:349,7,3,0
BRDA:383,8,0,0
BRDA:383,8,1,0
BRDA:479,9,0,0
BRDA:479,10,0,0
BRDA:479,10,1,0
BRDA:488,11,0,0
BRDA:492,12,0,0
BRDA:496,13,0,0
BRF:23
BRH:0
end_of_record
TN:
SF:src/core/HumanPacedLearning.ts
FN:7,(anonymous_0)
FN:11,(anonymous_1)
FN:18,(anonymous_2)
FN:24,(anonymous_3)
FNF:4
FNH:0
FNDA:0,(anonymous_0)
FNDA:0,(anonymous_1)
FNDA:0,(anonymous_2)
FNDA:0,(anonymous_3)
DA:4,0
DA:5,0
DA:8,0
DA:12,0
DA:13,0
DA:14,0
DA:20,0
DA:21,0
DA:25,0
LF:9
LH:0
BRDA:12,0,0,0
BRF:1
BRH:0
end_of_record
TN:
SF:src/core/SOUL.ts
FN:4,(anonymous_0)
FN:17,(anonymous_1)
FNF:2
FNH:0
FNDA:0,(anonymous_0)
FNDA:0,(anonymous_1)
DA:5,0
DA:7,0
DA:9,0
DA:11,0
DA:13,0
DA:18,0
DA:20,0
DA:22,0
DA:24,0
LF:9
LH:0
BRDA:5,0,0,0
BRDA:5,0,1,0
BRDA:5,0,2,0
BRDA:5,0,3,0
BRDA:18,1,0,0
BRDA:18,1,1,0
BRDA:18,1,2,0
BRF:7
BRH:0
end_of_record
TN:
SF:src/core/agent/memoryManager.ts
FN:8,storeMemory
FN:19,retrieveMemory
FN:26,updateMemory
FN:30,(anonymous_3)
FN:42,deleteMemory
FN:44,(anonymous_5)
FN:55,enhanceResponseWithMemory
FN:69,getClientMemories
FN:72,(anonymous_8)
FN:78,cleanupOldMemories
FN:81,(anonymous_10)
FNF:11
FNH:0
FNDA:0,storeMemory
FNDA:0,retrieveMemory
FNDA:0,updateMemory
FNDA:0,(anonymous_3)
FNDA:0,deleteMemory
FNDA:0,(anonymous_5)
FNDA:0,enhanceResponseWithMemory
FNDA:0,getClientMemories
FNDA:0,(anonymous_8)
FNDA:0,cleanupOldMemories
FNDA:0,(anonymous_10)
DA:3,0
DA:8,0
DA:9,0
DA:13,0
DA:19,0
DA:20,0
DA:26,0
DA:30,0
DA:31,0
DA:32,0
DA:33,0
DA:34,0
DA:36,0
DA:42,0
DA:43,0
DA:44,0
DA:45,0
DA:46,0
DA:47,0
DA:49,0
DA:55,0
DA:58,0
DA:59,0
DA:60,0
DA:61,0
DA:63,0
DA:69,0
DA:72,0
DA:78,0
DA:79,0
DA:80,0
DA:81,0
DA:83,0
DA:86,0
DA:88,0
DA:89,0
DA:90,0
LF:37
LH:0
BRDA:11,0,0,0
BRDA:11,0,1,0
BRDA:31,1,0,0
BRDA:45,2,0,0
BRDA:60,3,0,0
BRDA:83,4,0,0
BRDA:83,4,1,0
BRDA:89,5,0,0
BRF:8
BRH:0
end_of_record
TN:
SF:src/core/agents/AdaptiveWisdomEngine.ts
FN:69,(anonymous_0)
FN:149,(anonymous_1)
FN:284,(anonymous_2)
FN:288,(anonymous_3)
FN:297,(anonymous_4)
FN:305,(anonymous_5)
FN:309,(anonymous_6)
FN:317,(anonymous_7)
FN:325,(anonymous_8)
FN:329,(anonymous_9)
FN:335,(anonymous_10)
FN:339,(anonymous_11)
FN:345,(anonymous_12)
FN:349,(anonymous_13)
FN:359,(anonymous_14)
FN:361,(anonymous_15)
FN:366,(anonymous_16)
FN:368,(anonymous_17)
FN:373,(anonymous_18)
FN:375,(anonymous_19)
FN:380,(anonymous_20)
FN:382,(anonymous_21)
FN:387,(anonymous_22)
FN:389,(anonymous_23)
FN:398,(anonymous_24)
FN:455,(anonymous_25)
FN:549,(anonymous_26)
FN:564,(anonymous_27)
FN:585,(anonymous_28)
FN:626,(anonymous_29)
FN:642,(anonymous_30)
FN:683,(anonymous_31)
FNF:32
FNH:0
FNDA:0,(anonymous_0)
FNDA:0,(anonymous_1)
FNDA:0,(anonymous_2)
FNDA:0,(anonymous_3)
FNDA:0,(anonymous_4)
FNDA:0,(anonymous_5)
FNDA:0,(anonymous_6)
FNDA:0,(anonymous_7)
FNDA:0,(anonymous_8)
FNDA:0,(anonymous_9)
FNDA:0,(anonymous_10)
FNDA:0,(anonymous_11)
FNDA:0,(anonymous_12)
FNDA:0,(anonymous_13)
FNDA:0,(anonymous_14)
FNDA:0,(anonymous_15)
FNDA:0,(anonymous_16)
FNDA:0,(anonymous_17)
FNDA:0,(anonymous_18)
FNDA:0,(anonymous_19)
FNDA:0,(anonymous_20)
FNDA:0,(anonymous_21)
FNDA:0,(anonymous_22)
FNDA:0,(anonymous_23)
FNDA:0,(anonymous_24)
FNDA:0,(anonymous_25)
FNDA:0,(anonymous_26)
FNDA:0,(anonymous_27)
FNDA:0,(anonymous_28)
FNDA:0,(anonymous_29)
FNDA:0,(anonymous_30)
FNDA:0,(anonymous_31)
DA:6,0
DA:69,0
DA:70,0
DA:86,0
DA:102,0
DA:116,0
DA:131,0
DA:151,0
DA:154,0
DA:155,0
DA:159,0
DA:160,0
DA:161,0
DA:162,0
DA:163,0
DA:166,0
DA:180,0
DA:181,0
DA:200,0
DA:201,0
DA:220,0
DA:225,0
DA:249,0
DA:250,0
DA:269,0
DA:273,0
DA:275,0
DA:277,0
DA:285,0
DA:287,0
DA:289,0
DA:294,0
DA:297,0
DA:298,0
DA:299,0
DA:302,0
DA:306,0
DA:308,0
DA:310,0
DA:315,0
DA:317,0
DA:318,0
DA:319,0
DA:322,0
DA:326,0
DA:328,0
DA:330,0
DA:336,0
DA:338,0
DA:340,0
DA:346,0
DA:348,0
DA:350,0
DA:360,0
DA:361,0
DA:362,0
DA:367,0
DA:368,0
DA:369,0
DA:374,0
DA:375,0
DA:376,0
DA:381,0
DA:382,0
DA:383,0
DA:388,0
DA:389,0
DA:390,0
DA:399,0
DA:400,0
DA:402,0
DA:403,0
DA:419,0
DA:420,0
DA:437,0
DA:457,0
DA:460,0
DA:462,0
DA:465,0
DA:466,0
DA:469,0
DA:470,0
DA:472,0
DA:473,0
DA:477,0
DA:479,0
DA:480,0
DA:481,0
DA:485,0
DA:489,0
DA:490,0
DA:507,0
DA:508,0
DA:526,0
DA:555,0
DA:556,0
DA:557,0
DA:558,0
DA:559,0
DA:560,0
DA:561,0
DA:570,0
DA:572,0
DA:573,0
DA:574,0
DA:575,0
DA:576,0
DA:578,0
DA:582,0
DA:590,0
DA:591,0
DA:593,0
DA:594,0
DA:597,0
DA:599,0
DA:601,0
DA:602,0
DA:605,0
DA:607,0
DA:609,0
DA:610,0
DA:611,0
DA:613,0
DA:618,0
DA:619,0
DA:620,0
DA:623,0
DA:627,0
DA:629,0
DA:632,0
DA:633,0
DA:634,0
DA:635,0
DA:651,0
DA:652,0
DA:653,0
DA:654,0
DA:655,0
DA:657,0
DA:658,0
DA:659,0
DA:660,0
DA:661,0
DA:662,0
DA:664,0
DA:672,0
DA:690,0
DA:692,0
DA:693,0
DA:696,0
DA:699,0
DA:700,0
DA:701,0
DA:704,0
DA:705,0
DA:706,0
DA:711,0
DA:712,0
DA:713,0
DA:718,0
DA:719,0
DA:722,0
DA:725,0
DA:726,0
DA:727,0
DA:730,0
DA:734,0
LF:167
LH:0
BRDA:154,0,0,0
BRDA:180,1,0,0
BRDA:180,1,1,0
BRDA:180,2,0,0
BRDA:180,2,1,0
BRDA:192,3,0,0
BRDA:192,3,1,0
BRDA:200,4,0,0
BRDA:200,4,1,0
BRDA:200,5,0,0
BRDA:200,5,1,0
BRDA:212,6,0,0
BRDA:212,6,1,0
BRDA:213,7,0,0
BRDA:213,7,1,0
BRDA:220,8,0,0
BRDA:220,8,1,0
BRDA:221,9,0,0
BRDA:221,9,1,0
BRDA:221,9,2,0
BRDA:221,9,3,0
BRDA:249,10,0,0
BRDA:249,10,1,0
BRDA:285,11,0,0
BRDA:285,12,0,0
BRDA:285,12,1,0
BRDA:289,13,0,0
BRDA:289,13,1,0
BRDA:289,13,2,0
BRDA:294,14,0,0
BRDA:306,15,0,0
BRDA:306,16,0,0
BRDA:306,16,1,0
BRDA:310,17,0,0
BRDA:310,17,1,0
BRDA:310,17,2,0
BRDA:315,18,0,0
BRDA:326,19,0,0
BRDA:326,20,0,0
BRDA:326,20,1,0
BRDA:330,21,0,0
BRDA:330,21,1,0
BRDA:336,22,0,0
BRDA:336,23,0,0
BRDA:336,23,1,0
BRDA:340,24,0,0
BRDA:340,24,1,0
BRDA:346,25,0,0
BRDA:346,26,0,0
BRDA:346,26,1,0
BRDA:350,27,0,0
BRDA:350,27,1,0
BRDA:402,28,0,0
BRDA:402,28,1,0
BRDA:419,29,0,0
BRDA:419,29,1,0
BRDA:462,30,0,0
BRDA:462,30,1,0
BRDA:462,30,2,0
BRDA:462,30,3,0
BRDA:462,30,4,0
BRDA:479,31,0,0
BRDA:479,31,1,0
BRDA:479,32,0,0
BRDA:479,32,1,0
BRDA:481,33,0,0
BRDA:482,34,0,0
BRDA:482,34,1,0
BRDA:489,35,0,0
BRDA:489,35,1,0
BRDA:489,36,0,0
BRDA:489,36,1,0
BRDA:507,37,0,0
BRDA:507,37,1,0
BRDA:507,38,0,0
BRDA:507,38,1,0
BRDA:555,39,0,0
BRDA:557,40,0,0
BRDA:559,41,0,0
BRDA:559,42,0,0
BRDA:559,42,1,0
BRDA:572,43,0,0
BRDA:573,44,0,0
BRDA:575,45,0,0
BRDA:576,46,0,0
BRDA:590,47,0,0
BRDA:591,48,0,0
BRDA:591,48,1,0
BRDA:591,48,2,0
BRDA:593,49,0,0
BRDA:601,50,0,0
BRDA:609,51,0,0
BRDA:618,52,0,0
BRDA:618,53,0,0
BRDA:618,53,1,0
BRDA:632,54,0,0
BRDA:633,55,0,0
BRDA:634,56,0,0
BRDA:658,57,0,0
BRDA:658,57,1,0
BRDA:659,58,0,0
BRDA:659,58,1,0
BRDA:660,59,0,0
BRDA:660,59,1,0
BRDA:661,60,0,0
BRDA:661,60,1,0
BRDA:662,61,0,0
BRDA:692,62,0,0
BRDA:699,63,0,0
BRDA:704,64,0,0
BRDA:711,65,0,0
BRDA:718,66,0,0
BRDA:725,67,0,0
BRF:113
BRH:0
end_of_record
TN:
SF:src/core/agents/AgentCollaboration.ts
FN:8,(anonymous_0)
FN:13,(anonymous_1)
FN:15,(anonymous_2)
FNF:3
FNH:0
FNDA:0,(anonymous_0)
FNDA:0,(anonymous_1)
FNDA:0,(anonymous_2)
DA:9,0
DA:14,0
DA:15,0
DA:17,0
DA:18,0
LF:5
LH:0
BRF:0
BRH:0
end_of_record
TN:
SF:src/core/agents/ArchetypeAgent.ts
FN:48,(anonymous_0)
FN:65,(anonymous_1)
FN:94,(anonymous_2)
FN:117,(anonymous_3)
FN:121,(anonymous_4)
FN:125,(anonymous_5)
FN:129,(anonymous_6)
FN:133,(anonymous_7)
FN:140,(anonymous_8)
FN:161,(anonymous_9)
FN:187,(anonymous_10)
FN:193,(anonymous_11)
FN:200,(anonymous_12)
FN:237,(anonymous_13)
FN:280,(anonymous_14)
FN:287,(anonymous_15)
FN:295,(anonymous_16)
FNF:17
FNH:0
FNDA:0,(anonymous_0)
FNDA:0,(anonymous_1)
FNDA:0,(anonymous_2)
FNDA:0,(anonymous_3)
FNDA:0,(anonymous_4)
FNDA:0,(anonymous_5)
FNDA:0,(anonymous_6)
FNDA:0,(anonymous_7)
FNDA:0,(anonymous_8)
FNDA:0,(anonymous_9)
FNDA:0,(anonymous_10)
FNDA:0,(anonymous_11)
FNDA:0,(anonymous_12)
FNDA:0,(anonymous_13)
FNDA:0,(anonymous_14)
FNDA:0,(anonymous_15)
FNDA:0,(anonymous_16)
DA:1,0
DA:39,0
DA:54,0
DA:55,0
DA:56,0
DA:57,0
DA:58,0
DA:59,0
DA:60,0
DA:61,0
DA:67,0
DA:68,0
DA:71,0
DA:74,0
DA:99,0
DA:110,0
DA:113,0
DA:118,0
DA:122,0
DA:126,0
DA:130,0
DA:134,0
DA:150,0
DA:166,0
DA:167,0
DA:170,0
DA:178,0
DA:181,0
DA:182,0
DA:183,0
DA:190,0
DA:194,0
DA:201,0
DA:234,0
DA:241,0
DA:269,0
DA:281,0
DA:282,0
DA:284,0
DA:288,0
DA:289,0
DA:290,0
DA:291,0
DA:292,0
DA:296,0
DA:304,0
LF:46
LH:0
BRDA:50,0,0,0
BRDA:52,1,0,0
BRDA:58,2,0,0
BRDA:58,2,1,0
BRDA:154,3,0,0
BRDA:154,3,1,0
BRDA:164,4,0,0
BRDA:181,5,0,0
BRDA:234,6,0,0
BRDA:234,6,1,0
BRDA:270,7,0,0
BRDA:270,7,1,0
BRDA:289,8,0,0
BRDA:290,9,0,0
BRDA:291,10,0,0
BRDA:304,11,0,0
BRDA:304,11,1,0
BRF:17
BRH:0
end_of_record
TN:
SF:src/core/agents/aetherReflectionComposer.ts
FN:10,generateAetherReflection
FN:17,(anonymous_1)
FNF:2
FNH:0
FNDA:0,generateAetherReflection
FNDA:0,(anonymous_1)
DA:3,0
DA:10,0
DA:14,0
DA:15,0
DA:17,0
DA:18,0
DA:19,0
DA:20,0
DA:26,0
DA:28,0
LF:10
LH:0
BRDA:14,0,0,0
BRDA:14,0,1,0
BRDA:19,1,0,0
BRF:3
BRH:0
end_of_record
TN:
SF:src/core/agents/clean-import-extensions.ts
FN:6,updateImportsInFile
FN:22,walkDir
FNF:2
FNH:0
FNDA:0,updateImportsInFile
FNDA:0,walkDir
DA:1,0
DA:2,0
DA:4,0
DA:7,0
DA:8,0
DA:11,0
DA:16,0
DA:17,0
DA:18,0
DA:23,0
DA:25,0
DA:26,0
DA:28,0
DA:29,0
DA:30,0
DA:35,0
DA:40,0
DA:41,0
LF:18
LH:0
BRDA:16,0,0,0
BRDA:28,1,0,0
BRDA:28,1,1,0
BRDA:30,2,0,0
BRDA:31,3,0,0
BRDA:31,3,1,0
BRDA:31,3,2,0
BRF:7
BRH:0
end_of_record
TN:
SF:src/core/agents/divinationAgent.ts
FN:32,(anonymous_0)
FN:68,(anonymous_1)
FN:83,(anonymous_2)
FN:99,(anonymous_3)
FN:113,(anonymous_4)
FN:127,(anonymous_5)
FN:153,(anonymous_6)
FN:160,(anonymous_7)
FN:164,(anonymous_8)
FN:199,(anonymous_9)
FN:202,(anonymous_10)
FN:209,(anonymous_11)
FN:211,(anonymous_12)
FN:214,(anonymous_13)
FN:218,(anonymous_14)
FN:224,(anonymous_15)
FN:225,(anonymous_16)
FN:241,(anonymous_17)
FN:254,(anonymous_18)
FN:261,(anonymous_19)
FN:263,(anonymous_20)
FN:271,(anonymous_21)
FN:273,(anonymous_22)
FN:282,(anonymous_23)
FN:284,(anonymous_24)
FN:292,(anonymous_25)
FN:294,(anonymous_26)
FN:295,(anonymous_27)
FN:301,(anonymous_28)
FN:308,(anonymous_29)
FN:324,(anonymous_30)
FN:339,(anonymous_31)
FN:365,(anonymous_32)
FN:394,performDivination
FNF:34
FNH:0
FNDA:0,(anonymous_0)
FNDA:0,(anonymous_1)
FNDA:0,(anonymous_2)
FNDA:0,(anonymous_3)
FNDA:0,(anonymous_4)
FNDA:0,(anonymous_5)
FNDA:0,(anonymous_6)
FNDA:0,(anonymous_7)
FNDA:0,(anonymous_8)
FNDA:0,(anonymous_9)
FNDA:0,(anonymous_10)
FNDA:0,(anonymous_11)
FNDA:0,(anonymous_12)
FNDA:0,(anonymous_13)
FNDA:0,(anonymous_14)
FNDA:0,(anonymous_15)
FNDA:0,(anonymous_16)
FNDA:0,(anonymous_17)
FNDA:0,(anonymous_18)
FNDA:0,(anonymous_19)
FNDA:0,(anonymous_20)
FNDA:0,(anonymous_21)
FNDA:0,(anonymous_22)
FNDA:0,(anonymous_23)
FNDA:0,(anonymous_24)
FNDA:0,(anonymous_25)
FNDA:0,(anonymous_26)
FNDA:0,(anonymous_27)
FNDA:0,(anonymous_28)
FNDA:0,(anonymous_29)
FNDA:0,(anonymous_30)
FNDA:0,(anonymous_31)
FNDA:0,(anonymous_32)
FNDA:0,performDivination
DA:6,0
DA:7,0
DA:12,0
DA:28,0
DA:33,0
DA:34,0
DA:36,0
DA:39,0
DA:42,0
DA:45,0
DA:48,0
DA:51,0
DA:57,0
DA:58,0
DA:69,0
DA:70,0
DA:73,0
DA:74,0
DA:77,0
DA:84,0
DA:87,0
DA:88,0
DA:90,0
DA:93,0
DA:100,0
DA:103,0
DA:104,0
DA:107,0
DA:114,0
DA:117,0
DA:118,0
DA:121,0
DA:130,0
DA:132,0
DA:133,0
DA:134,0
DA:137,0
DA:142,0
DA:144,0
DA:146,0
DA:157,0
DA:160,0
DA:161,0
DA:164,0
DA:165,0
DA:168,0
DA:174,0
DA:177,0
DA:179,0
DA:200,0
DA:202,0
DA:203,0
DA:204,0
DA:208,0
DA:209,0
DA:211,0
DA:218,0
DA:219,0
DA:221,0
DA:225,0
DA:227,0
DA:228,0
DA:231,0
DA:238,0
DA:242,0
DA:251,0
DA:258,0
DA:262,0
DA:263,0
DA:266,0
DA:268,0
DA:272,0
DA:273,0
DA:276,0
DA:277,0
DA:279,0
DA:283,0
DA:284,0
DA:287,0
DA:289,0
DA:293,0
DA:294,0
DA:295,0
DA:297,0
DA:301,0
DA:302,0
DA:313,0
DA:315,0
DA:318,0
DA:321,0
DA:325,0
DA:333,0
DA:343,0
DA:366,0
DA:367,0
DA:373,0
DA:374,0
DA:375,0
DA:377,0
DA:379,0
DA:381,0
DA:383,0
DA:385,0
DA:391,0
DA:394,0
DA:397,0
DA:400,0
LF:107
LH:0
BRDA:34,0,0,0
BRDA:34,0,1,0
BRDA:34,0,2,0
BRDA:34,0,3,0
BRDA:34,0,4,0
BRDA:34,0,5,0
BRDA:69,1,0,0
BRDA:69,1,1,0
BRDA:73,2,0,0
BRDA:87,3,0,0
BRDA:103,4,0,0
BRDA:117,5,0,0
BRDA:160,6,0,0
BRDA:160,6,1,0
BRDA:164,7,0,0
BRDA:164,7,1,0
BRDA:205,8,0,0
BRDA:205,8,1,0
BRDA:219,9,0,0
BRDA:219,9,1,0
BRDA:266,10,0,0
BRDA:276,11,0,0
BRDA:287,12,0,0
BRDA:294,13,0,0
BRDA:294,13,1,0
BRDA:297,14,0,0
BRDA:377,15,0,0
BRDA:377,15,1,0
BRDA:377,15,2,0
BRDA:377,15,3,0
BRF:30
BRH:0
end_of_record
TN:
SF:src/core/agents/dualLLMRouting.ts
FN:13,selectLLM
FN:35,callLLM
FN:40,(anonymous_2)
FNF:3
FNH:0
FNDA:0,selectLLM
FNDA:0,callLLM
FNDA:0,(anonymous_2)
DA:13,0
DA:14,0
DA:15,0
DA:22,0
DA:24,0
DA:35,0
DA:40,0
DA:42,0
DA:43,0
DA:45,0
LF:10
LH:0
BRDA:15,0,0,0
BRDA:16,1,0,0
BRDA:16,1,1,0
BRDA:16,1,2,0
BRDA:16,1,3,0
BRDA:16,1,4,0
BRDA:42,2,0,0
BRDA:42,2,1,0
BRF:8
BRH:0
end_of_record
TN:
SF:src/core/agents/elementalFramework.ts
FN:11,detectElement
FN:17,(anonymous_1)
FN:30,adjustGuidance
FNF:3
FNH:0
FNDA:0,detectElement
FNDA:0,(anonymous_1)
FNDA:0,adjustGuidance
DA:3,0
DA:11,0
DA:12,0
DA:13,0
DA:14,0
DA:16,0
DA:17,0
DA:18,0
DA:21,0
DA:22,0
DA:23,0
DA:27,0
DA:30,0
DA:31,0
DA:32,0
DA:34,0
DA:36,0
DA:37,0
DA:39,0
DA:40,0
DA:42,0
DA:43,0
DA:45,0
DA:46,0
DA:48,0
DA:49,0
DA:52,0
LF:27
LH:0
BRDA:18,0,0,0
BRDA:18,0,1,0
BRDA:21,1,0,0
BRDA:34,2,0,0
BRDA:34,2,1,0
BRDA:34,2,2,0
BRDA:34,2,3,0
BRDA:34,2,4,0
BRF:8
BRH:0
end_of_record
TN:
SF:src/core/agents/hexagramAgent.ts
FN:99,hexagramFromBaZi
FN:114,generateIChingReading
FN:139,synthesizeHexagrams
FN:156,getHexagramByNumber
FN:158,(anonymous_4)
FN:166,getDailyIChingGuidance
FN:194,getActionFromHexagram
FN:213,divinationResponse
FN:255,generateIChingOracleInsight
FN:290,generateTrigramDailyGuidance
FN:311,adaptHexagramToQuestion
FN:325,generateTrigramRitual
FN:351,enhanceOracleInsightWithIChingAstrology
FN:381,calculateChangingLines
FN:399,integrateElementalWisdom
FNF:15
FNH:0
FNDA:0,hexagramFromBaZi
FNDA:0,generateIChingReading
FNDA:0,synthesizeHexagrams
FNDA:0,getHexagramByNumber
FNDA:0,(anonymous_4)
FNDA:0,getDailyIChingGuidance
FNDA:0,getActionFromHexagram
FNDA:0,divinationResponse
FNDA:0,generateIChingOracleInsight
FNDA:0,generateTrigramDailyGuidance
FNDA:0,adaptHexagramToQuestion
FNDA:0,generateTrigramRitual
FNDA:0,enhanceOracleInsightWithIChingAstrology
FNDA:0,calculateChangingLines
FNDA:0,integrateElementalWisdom
DA:1,0
DA:2,0
DA:27,0
DA:99,0
DA:103,0
DA:106,0
DA:108,0
DA:114,0
DA:124,0
DA:125,0
DA:127,0
DA:129,0
DA:143,0
DA:144,0
DA:147,0
DA:156,0
DA:157,0
DA:158,0
DA:160,0
DA:166,0
DA:172,0
DA:176,0
DA:179,0
DA:181,0
DA:182,0
DA:184,0
DA:195,0
DA:204,0
DA:213,0
DA:222,0
DA:225,0
DA:228,0
DA:230,0
DA:255,0
DA:259,0
DA:260,0
DA:261,0
DA:263,0
DA:264,0
DA:269,0
DA:271,0
DA:284,0
DA:291,0
DA:302,0
DA:315,0
DA:316,0
DA:319,0
DA:326,0
DA:342,0
DA:351,0
DA:356,0
DA:357,0
DA:359,0
DA:371,0
DA:373,0
DA:374,0
DA:381,0
DA:382,0
DA:385,0
DA:387,0
DA:388,0
DA:389,0
DA:393,0
DA:399,0
DA:403,0
DA:411,0
DA:413,0
LF:67
LH:0
BRDA:108,0,0,0
BRDA:108,0,1,0
BRDA:131,1,0,0
BRDA:131,1,1,0
BRDA:143,2,0,0
BRDA:160,3,0,0
BRDA:160,3,1,0
BRDA:179,4,0,0
BRDA:179,4,1,0
BRDA:205,5,0,0
BRDA:205,5,1,0
BRDA:263,6,0,0
BRDA:263,7,0,0
BRDA:263,7,1,0
BRDA:269,8,0,0
BRDA:269,8,1,0
BRDA:303,9,0,0
BRDA:303,9,1,0
BRDA:315,10,0,0
BRDA:343,11,0,0
BRDA:343,11,1,0
BRDA:388,12,0,0
BRDA:411,13,0,0
BRDA:411,13,1,0
BRF:24
BRH:0
end_of_record
TN:
SF:src/core/agents/oracleAgent.ts
FN:9,(anonymous_0)
FN:13,(anonymous_1)
FN:42,(anonymous_2)
FNF:3
FNH:0
FNDA:0,(anonymous_0)
FNDA:0,(anonymous_1)
FNDA:0,(anonymous_2)
DA:1,0
DA:2,0
DA:6,0
DA:10,0
DA:14,0
DA:15,0
DA:18,0
DA:19,0
DA:21,0
DA:22,0
DA:33,0
DA:43,0
LF:12
LH:0
BRDA:9,0,0,0
BRDA:10,1,0,0
BRDA:10,1,1,0
BRDA:14,2,0,0
BRF:4
BRH:0
end_of_record
TN:
SF:src/core/agents/oracleArchetypes.ts
FNF:0
FNH:0
DA:1,0
LF:1
LH:0
BRF:0
BRH:0
end_of_record
TN:
SF:src/core/agents/orchestrator.ts
FN:9,runLangChain
FN:42,triggerPrefectFlow
FNF:2
FNH:0
FNDA:0,runLangChain
FNDA:0,triggerPrefectFlow
DA:1,0
DA:2,0
DA:3,0
DA:4,0
DA:9,0
DA:10,0
DA:11,0
DA:12,0
DA:15,0
DA:21,0
DA:25,0
DA:30,0
DA:31,0
DA:32,0
DA:34,0
DA:35,0
DA:42,0
DA:46,0
DA:49,0
DA:50,0
DA:51,0
DA:53,0
DA:57,0
LF:23
LH:0
BRDA:11,0,0,0
BRDA:32,1,0,0
BRDA:32,1,1,0
BRDA:46,2,0,0
BRDA:46,2,1,0
BRDA:55,3,0,0
BRDA:55,3,1,0
BRF:7
BRH:0
end_of_record
TN:
SF:src/core/agents/examples/DualWisdomExample.ts
FN:11,(anonymous_0)
FN:20,(anonymous_1)
FN:85,(anonymous_2)
FN:131,(anonymous_3)
FN:152,(anonymous_4)
FN:193,(anonymous_5)
FN:199,(anonymous_6)
FN:238,(anonymous_7)
FN:321,runDualWisdomTests
FNF:9
FNH:0
FNDA:0,(anonymous_0)
FNDA:0,(anonymous_1)
FNDA:0,(anonymous_2)
FNDA:0,(anonymous_3)
FNDA:0,(anonymous_4)
FNDA:0,(anonymous_5)
FNDA:0,(anonymous_6)
FNDA:0,(anonymous_7)
FNDA:0,runDualWisdomTests
DA:6,0
DA:8,0
DA:12,0
DA:21,0
DA:22,0
DA:25,0
DA:27,0
DA:32,0
DA:37,0
DA:43,0
DA:45,0
DA:50,0
DA:55,0
DA:61,0
DA:64,0
DA:66,0
DA:72,0
DA:74,0
DA:79,0
DA:89,0
DA:90,0
DA:93,0
DA:96,0
DA:97,0
DA:99,0
DA:101,0
DA:102,0
DA:105,0
DA:107,0
DA:108,0
DA:114,0
DA:115,0
DA:117,0
DA:118,0
DA:123,0
DA:126,0
DA:127,0
DA:128,0
DA:132,0
DA:137,0
DA:144,0
DA:145,0
DA:146,0
DA:149,0
DA:153,0
DA:154,0
DA:157,0
DA:181,0
DA:182,0
DA:184,0
DA:185,0
DA:188,0
DA:189,0
DA:196,0
DA:200,0
DA:201,0
DA:203,0
DA:232,0
DA:233,0
DA:234,0
DA:239,0
DA:240,0
DA:242,0
DA:243,0
DA:244,0
DA:245,0
DA:246,0
DA:247,0
DA:249,0
DA:250,0
DA:251,0
DA:252,0
DA:253,0
DA:254,0
DA:256,0
DA:257,0
DA:258,0
DA:259,0
DA:260,0
DA:261,0
DA:269,0
DA:321,0
DA:322,0
DA:324,0
DA:326,0
DA:327,0
DA:328,0
DA:329,0
DA:331,0
DA:334,0
LF:90
LH:0
BRDA:101,0,0,0
BRDA:101,0,1,0
BRDA:107,1,0,0
BRDA:115,2,0,0
BRDA:115,2,1,0
BRDA:117,3,0,0
BRDA:119,4,0,0
BRDA:119,4,1,0
BRF:8
BRH:0
end_of_record
TN:
SF:src/core/agents/examples/SpiralogicReportExample.ts
FN:15,generateUserReport
FN:46,generateNoemiReport
FN:111,generateCustomReport
FN:156,apiExample
FN:160,(anonymous_4)
FN:180,(anonymous_5)
FN:194,(anonymous_6)
FN:211,main
FNF:8
FNH:0
FNDA:0,generateUserReport
FNDA:0,generateNoemiReport
FNDA:0,generateCustomReport
FNDA:0,apiExample
FNDA:0,(anonymous_4)
FNDA:0,(anonymous_5)
FNDA:0,(anonymous_6)
FNDA:0,main
DA:8,0
DA:10,0
DA:16,0
DA:17,0
DA:20,0
DA:28,0
DA:29,0
DA:33,0
DA:34,0
DA:36,0
DA:38,0
DA:39,0
DA:47,0
DA:49,0
DA:70,0
DA:71,0
DA:73,0
DA:76,0
DA:81,0
DA:84,0
DA:85,0
DA:86,0
DA:93,0
DA:94,0
DA:95,0
DA:101,0
DA:103,0
DA:104,0
DA:112,0
DA:114,0
DA:139,0
DA:140,0
DA:142,0
DA:143,0
DA:144,0
DA:146,0
DA:148,0
DA:149,0
DA:160,0
DA:161,0
DA:176,0
DA:180,0
DA:181,0
DA:190,0
DA:194,0
DA:195,0
DA:202,0
DA:205,0
DA:212,0
DA:215,0
DA:216,0
DA:222,0
DA:226,0
DA:227,0
DA:231,0
DA:232,0
DA:233,0
DA:234,0
LF:58
LH:0
BRDA:84,0,0,0
BRDA:93,1,0,0
BRDA:226,2,0,0
BRF:3
BRH:0
end_of_record
TN:
SF:src/core/agents/examples/StreamlinedOracleDemo.ts
FN:11,(anonymous_0)
FN:20,(anonymous_1)
FN:67,(anonymous_2)
FN:98,(anonymous_3)
FN:156,(anonymous_4)
FN:209,(anonymous_5)
FN:290,runStreamlinedDemo
FNF:7
FNH:0
FNDA:0,(anonymous_0)
FNDA:0,(anonymous_1)
FNDA:0,(anonymous_2)
FNDA:0,(anonymous_3)
FNDA:0,(anonymous_4)
FNDA:0,(anonymous_5)
FNDA:0,runStreamlinedDemo
DA:6,0
DA:8,0
DA:12,0
DA:21,0
DA:22,0
DA:24,0
DA:49,0
DA:50,0
DA:51,0
DA:54,0
DA:55,0
DA:56,0
DA:58,0
DA:59,0
DA:66,0
DA:68,0
DA:75,0
DA:76,0
DA:77,0
DA:78,0
DA:81,0
DA:82,0
DA:83,0
DA:84,0
DA:85,0
DA:87,0
DA:88,0
DA:91,0
DA:94,0
DA:99,0
DA:100,0
DA:102,0
DA:130,0
DA:131,0
DA:132,0
DA:136,0
DA:138,0
DA:141,0
DA:142,0
DA:145,0
DA:148,0
DA:149,0
DA:152,0
DA:157,0
DA:158,0
DA:160,0
DA:181,0
DA:182,0
DA:185,0
DA:187,0
DA:188,0
DA:190,0
DA:191,0
DA:192,0
DA:194,0
DA:195,0
DA:196,0
DA:197,0
DA:200,0
DA:202,0
DA:203,0
DA:205,0
DA:210,0
DA:211,0
DA:214,0
DA:215,0
DA:216,0
DA:219,0
DA:220,0
DA:221,0
DA:224,0
DA:225,0
DA:226,0
DA:234,0
DA:290,0
DA:291,0
DA:293,0
DA:295,0
DA:296,0
DA:297,0
DA:298,0
DA:300,0
DA:301,0
DA:302,0
DA:305,0
LF:85
LH:0
BRDA:58,0,0,0
BRDA:66,1,0,0
BRDA:66,1,1,0
BRDA:68,2,0,0
BRDA:68,2,1,0
BRDA:68,2,2,0
BRDA:68,2,3,0
BRDA:68,2,4,0
BRDA:68,2,5,0
BRDA:68,2,6,0
BRDA:68,2,7,0
BRDA:68,2,8,0
BRDA:68,2,9,0
BRDA:87,3,0,0
BRDA:139,4,0,0
BRDA:139,4,1,0
BRDA:141,5,0,0
BRDA:149,6,0,0
BRDA:149,6,1,0
BRDA:195,7,0,0
BRDA:203,8,0,0
BRDA:203,8,1,0
BRF:22
BRH:0
end_of_record
TN:
SF:src/core/agents/modules/enhancedSacredIntelligence.ts
FN:79,(anonymous_0)
FN:84,(anonymous_1)
FN:92,(anonymous_2)
FN:101,(anonymous_3)
FN:102,(anonymous_4)
FN:143,(anonymous_5)
FN:171,(anonymous_6)
FN:207,(anonymous_7)
FN:221,(anonymous_8)
FN:240,(anonymous_9)
FN:260,(anonymous_10)
FN:280,(anonymous_11)
FN:284,(anonymous_12)
FN:300,(anonymous_13)
FN:323,(anonymous_14)
FN:343,(anonymous_15)
FN:356,(anonymous_16)
FN:381,(anonymous_17)
FN:387,(anonymous_18)
FN:421,(anonymous_19)
FN:446,(anonymous_20)
FN:488,(anonymous_21)
FN:493,(anonymous_22)
FN:497,(anonymous_23)
FN:507,(anonymous_24)
FN:514,(anonymous_25)
FN:525,(anonymous_26)
FN:536,(anonymous_27)
FN:541,(anonymous_28)
FN:546,(anonymous_29)
FN:563,(anonymous_30)
FN:568,(anonymous_31)
FN:574,(anonymous_32)
FN:577,(anonymous_33)
FN:587,(anonymous_34)
FN:594,(anonymous_35)
FN:599,(anonymous_36)
FN:605,(anonymous_37)
FN:619,(anonymous_38)
FN:622,(anonymous_39)
FN:625,(anonymous_40)
FN:628,(anonymous_41)
FN:633,(anonymous_42)
FN:642,(anonymous_43)
FN:645,(anonymous_44)
FN:651,(anonymous_45)
FNF:46
FNH:0
FNDA:0,(anonymous_0)
FNDA:0,(anonymous_1)
FNDA:0,(anonymous_2)
FNDA:0,(anonymous_3)
FNDA:0,(anonymous_4)
FNDA:0,(anonymous_5)
FNDA:0,(anonymous_6)
FNDA:0,(anonymous_7)
FNDA:0,(anonymous_8)
FNDA:0,(anonymous_9)
FNDA:0,(anonymous_10)
FNDA:0,(anonymous_11)
FNDA:0,(anonymous_12)
FNDA:0,(anonymous_13)
FNDA:0,(anonymous_14)
FNDA:0,(anonymous_15)
FNDA:0,(anonymous_16)
FNDA:0,(anonymous_17)
FNDA:0,(anonymous_18)
FNDA:0,(anonymous_19)
FNDA:0,(anonymous_20)
FNDA:0,(anonymous_21)
FNDA:0,(anonymous_22)
FNDA:0,(anonymous_23)
FNDA:0,(anonymous_24)
FNDA:0,(anonymous_25)
FNDA:0,(anonymous_26)
FNDA:0,(anonymous_27)
FNDA:0,(anonymous_28)
FNDA:0,(anonymous_29)
FNDA:0,(anonymous_30)
FNDA:0,(anonymous_31)
FNDA:0,(anonymous_32)
FNDA:0,(anonymous_33)
FNDA:0,(anonymous_34)
FNDA:0,(anonymous_35)
FNDA:0,(anonymous_36)
FNDA:0,(anonymous_37)
FNDA:0,(anonymous_38)
FNDA:0,(anonymous_39)
FNDA:0,(anonymous_40)
FNDA:0,(anonymous_41)
FNDA:0,(anonymous_42)
FNDA:0,(anonymous_43)
FNDA:0,(anonymous_44)
FNDA:0,(anonymous_45)
DA:4,0
DA:66,0
DA:68,0
DA:69,0
DA:71,0
DA:72,0
DA:80,0
DA:81,0
DA:85,0
DA:86,0
DA:88,0
DA:96,0
DA:98,0
DA:100,0
DA:101,0
DA:102,0
DA:103,0
DA:106,0
DA:107,0
DA:108,0
DA:110,0
DA:111,0
DA:113,0
DA:133,0
DA:135,0
DA:137,0
DA:138,0
DA:147,0
DA:148,0
DA:149,0
DA:150,0
DA:152,0
DA:167,0
DA:174,0
DA:175,0
DA:178,0
DA:179,0
DA:180,0
DA:184,0
DA:188,0
DA:189,0
DA:193,0
DA:194,0
DA:195,0
DA:198,0
DA:199,0
DA:203,0
DA:211,0
DA:213,0
DA:214,0
DA:217,0
DA:224,0
DA:227,0
DA:228,0
DA:230,0
DA:231,0
DA:232,0
DA:233,0
DA:236,0
DA:242,0
DA:243,0
DA:246,0
DA:247,0
DA:250,0
DA:251,0
DA:254,0
DA:255,0
DA:265,0
DA:269,0
DA:270,0
DA:274,0
DA:276,0
DA:281,0
DA:282,0
DA:284,0
DA:285,0
DA:286,0
DA:287,0
DA:291,0
DA:292,0
DA:293,0
DA:297,0
DA:301,0
DA:311,0
DA:313,0
DA:314,0
DA:315,0
DA:316,0
DA:320,0
DA:324,0
DA:332,0
DA:334,0
DA:335,0
DA:336,0
DA:340,0
DA:348,0
DA:349,0
DA:350,0
DA:351,0
DA:352,0
DA:357,0
DA:380,0
DA:382,0
DA:388,0
DA:391,0
DA:406,0
DA:407,0
DA:409,0
DA:411,0
DA:412,0
DA:413,0
DA:414,0
DA:418,0
DA:422,0
DA:442,0
DA:447,0
DA:490,0
DA:494,0
DA:501,0
DA:502,0
DA:504,0
DA:511,0
DA:519,0
DA:526,0
DA:533,0
DA:538,0
DA:542,0
DA:543,0
DA:553,0
DA:559,0
DA:566,0
DA:572,0
DA:575,0
DA:578,0
DA:592,0
DA:597,0
DA:603,0
DA:608,0
DA:620,0
DA:623,0
DA:626,0
DA:629,0
DA:637,0
DA:643,0
DA:649,0
DA:652,0
DA:657,0
LF:147
LH:0
BRDA:85,0,0,0
BRDA:96,1,0,0
BRDA:101,2,0,0
BRDA:101,2,1,0
BRDA:103,3,0,0
BRDA:110,4,0,0
BRDA:110,5,0,0
BRDA:110,5,1,0
BRDA:110,5,2,0
BRDA:114,6,0,0
BRDA:114,6,1,0
BRDA:116,7,0,0
BRDA:116,7,1,0
BRDA:179,8,0,0
BRDA:188,9,0,0
BRDA:194,10,0,0
BRDA:198,11,0,0
BRDA:213,12,0,0
BRDA:242,13,0,0
BRDA:246,14,0,0
BRDA:250,15,0,0
BRDA:254,16,0,0
BRDA:286,17,0,0
BRDA:287,18,0,0
BRDA:287,18,1,0
BRDA:292,19,0,0
BRDA:315,20,0,0
BRDA:335,21,0,0
BRDA:348,22,0,0
BRDA:349,23,0,0
BRDA:350,24,0,0
BRDA:350,25,0,0
BRDA:350,25,1,0
BRDA:382,26,0,0
BRDA:382,26,1,0
BRDA:388,27,0,0
BRDA:411,28,0,0
BRDA:411,28,1,0
BRDA:412,29,0,0
BRDA:442,30,0,0
BRDA:442,30,1,0
BRDA:501,31,0,0
BRDA:501,32,0,0
BRDA:501,32,1,0
BRDA:511,33,0,0
BRDA:511,33,1,0
BRDA:511,34,0,0
BRDA:511,34,1,0
BRDA:533,35,0,0
BRDA:533,35,1,0
BRDA:559,36,0,0
BRDA:559,36,1,0
BRF:52
BRH:0
end_of_record
TN:
SF:src/core/agents/modules/ethicalSafeguards.ts
FN:74,(anonymous_0)
FN:80,(anonymous_1)
FN:88,(anonymous_2)
FN:159,(anonymous_3)
FN:204,(anonymous_4)
FN:230,(anonymous_5)
FN:242,(anonymous_6)
FN:283,(anonymous_7)
FN:335,(anonymous_8)
FN:370,(anonymous_9)
FN:404,(anonymous_10)
FN:455,(anonymous_11)
FN:519,(anonymous_12)
FN:538,(anonymous_13)
FN:540,(anonymous_14)
FN:547,(anonymous_15)
FN:564,(anonymous_16)
FN:581,(anonymous_17)
FN:592,(anonymous_18)
FN:615,(anonymous_19)
FN:627,(anonymous_20)
FN:634,(anonymous_21)
FN:639,(anonymous_22)
FN:643,(anonymous_23)
FN:647,(anonymous_24)
FN:655,(anonymous_25)
FN:661,(anonymous_26)
FN:668,(anonymous_27)
FN:679,(anonymous_28)
FN:690,(anonymous_29)
FNF:30
FNH:0
FNDA:0,(anonymous_0)
FNDA:0,(anonymous_1)
FNDA:0,(anonymous_2)
FNDA:0,(anonymous_3)
FNDA:0,(anonymous_4)
FNDA:0,(anonymous_5)
FNDA:0,(anonymous_6)
FNDA:0,(anonymous_7)
FNDA:0,(anonymous_8)
FNDA:0,(anonymous_9)
FNDA:0,(anonymous_10)
FNDA:0,(anonymous_11)
FNDA:0,(anonymous_12)
FNDA:0,(anonymous_13)
FNDA:0,(anonymous_14)
FNDA:0,(anonymous_15)
FNDA:0,(anonymous_16)
FNDA:0,(anonymous_17)
FNDA:0,(anonymous_18)
FNDA:0,(anonymous_19)
FNDA:0,(anonymous_20)
FNDA:0,(anonymous_21)
FNDA:0,(anonymous_22)
FNDA:0,(anonymous_23)
FNDA:0,(anonymous_24)
FNDA:0,(anonymous_25)
FNDA:0,(anonymous_26)
FNDA:0,(anonymous_27)
FNDA:0,(anonymous_28)
FNDA:0,(anonymous_29)
DA:62,0
DA:64,0
DA:65,0
DA:71,0
DA:72,0
DA:75,0
DA:76,0
DA:77,0
DA:81,0
DA:82,0
DA:84,0
DA:92,0
DA:95,0
DA:96,0
DA:97,0
DA:98,0
DA:110,0
DA:111,0
DA:112,0
DA:113,0
DA:125,0
DA:126,0
DA:127,0
DA:128,0
DA:141,0
DA:142,0
DA:143,0
DA:144,0
DA:155,0
DA:163,0
DA:201,0
DA:203,0
DA:204,0
DA:205,0
DA:207,0
DA:209,0
DA:210,0
DA:212,0
DA:226,0
DA:234,0
DA:235,0
DA:246,0
DA:247,0
DA:257,0
DA:258,0
DA:269,0
DA:284,0
DA:331,0
DA:340,0
DA:343,0
DA:344,0
DA:348,0
DA:349,0
DA:350,0
DA:354,0
DA:355,0
DA:356,0
DA:360,0
DA:364,0
DA:366,0
DA:371,0
DA:379,0
DA:386,0
DA:394,0
DA:405,0
DA:417,0
DA:429,0
DA:441,0
DA:456,0
DA:520,0
DA:529,0
DA:536,0
DA:538,0
DA:539,0
DA:540,0
DA:541,0
DA:543,0
DA:548,0
DA:561,0
DA:565,0
DA:578,0
DA:582,0
DA:594,0
DA:607,0
DA:608,0
DA:609,0
DA:612,0
DA:616,0
DA:625,0
DA:627,0
DA:628,0
DA:630,0
DA:636,0
DA:640,0
DA:644,0
DA:650,0
[...]
DA:64,0
DA:65,0
DA:66,0
DA:67,0
DA:68,0
DA:71,0
DA:72,0
DA:73,0
DA:74,0
DA:75,0
DA:78,0
DA:79,0
DA:80,0
DA:81,0
DA:82,0
DA:85,0
DA:86,0
DA:90,0
DA:101,0
DA:110,0
DA:122,0
DA:131,0
DA:136,0
DA:139,0
DA:147,0
DA:148,0
DA:149,0
DA:153,0
DA:155,0
DA:157,0
DA:172,0
DA:175,0
DA:176,0
DA:177,0
DA:179,0
DA:184,0
DA:185,0
DA:187,0
DA:188,0
DA:194,0
DA:195,0
DA:196,0
DA:198,0
DA:199,0
DA:204,0
DA:208,0
DA:215,0
DA:219,0
DA:227,0
DA:228,0
DA:232,0
DA:234,0
DA:235,0
DA:236,0
DA:238,0
DA:243,0
DA:244,0
DA:245,0
DA:247,0
DA:252,0
DA:257,0
DA:263,0
DA:266,0
DA:272,0
DA:284,0
DA:304,0
DA:333,0
DA:338,0
DA:349,0
DA:354,0
LF:80
LH:0
BRDA:9,0,0,0
BRDA:9,0,1,0
BRDA:64,1,0,0
BRDA:65,2,0,0
BRDA:66,3,0,0
BRDA:67,4,0,0
BRDA:68,5,0,0
BRDA:71,6,0,0
BRDA:72,7,0,0
BRDA:73,8,0,0
BRDA:74,9,0,0
BRDA:75,10,0,0
BRDA:78,11,0,0
BRDA:79,12,0,0
BRDA:80,13,0,0
BRDA:81,14,0,0
BRDA:82,15,0,0
BRDA:123,16,0,0
BRDA:123,16,1,0
BRDA:136,17,0,0
BRDA:148,18,0,0
BRDA:148,18,1,0
BRDA:187,19,0,0
BRDA:198,20,0,0
BRDA:215,21,0,0
BRDA:215,21,1,0
BRDA:234,22,0,0
BRDA:235,23,0,0
BRDA:235,23,1,0
BRDA:243,24,0,0
BRDA:244,25,0,0
BRDA:244,25,1,0
BRDA:263,26,0,0
BRDA:333,27,0,0
BRDA:333,27,1,0
BRF:35
BRH:0
end_of_record
TN:
SF:src/services/tests/coherenceAnalyzer.ts
FN:2,analyzeCoherence
FNF:1
FNH:0
FNDA:0,analyzeCoherence
DA:2,0
DA:6,0
DA:7,0
DA:9,0
DA:10,0
DA:12,0
LF:6
LH:0
BRDA:6,0,0,0
BRDA:6,1,0,0
BRDA:6,1,1,0
BRDA:9,2,0,0
BRDA:9,3,0,0
BRDA:9,3,1,0
BRF:6
BRH:0
end_of_record
TN:
SF:src/test/mayaDialogueDemo.ts
FNF:0
FNH:0
DA:6,0
DA:11,0
DA:12,0
DA:15,0
DA:18,0
DA:19,0
DA:23,0
DA:31,0
DA:36,0
DA:37,0
DA:38,0
DA:39,0
DA:42,0
DA:43,0
DA:44,0
DA:47,0
DA:51,0
DA:54,0
DA:57,0
DA:58,0
DA:62,0
DA:70,0
DA:75,0
DA:76,0
DA:77,0
DA:78,0
DA:79,0
DA:82,0
DA:84,0
DA:87,0
DA:90,0
DA:91,0
DA:95,0
DA:103,0
DA:108,0
DA:109,0
DA:110,0
DA:111,0
DA:112,0
DA:115,0
DA:117,0
DA:118,0
DA:119,0
DA:120,0
DA:121,0
DA:122,0
DA:123,0
DA:124,0
DA:125,0
DA:126,0
DA:127,0
DA:128,0
DA:129,0
DA:130,0
DA:131,0
DA:132,0
DA:133,0
DA:134,0
DA:135,0
DA:136,0
DA:137,0
DA:138,0
DA:140,0
DA:141,0
DA:142,0
DA:143,0
DA:144,0
LF:67
LH:0
BRDA:45,0,0,0
BRDA:45,0,1,0
BRDA:48,1,0,0
BRDA:48,1,1,0
BRF:4
BRH:0
end_of_record
TN:
SF:src/test/mayaIntegrationTest.ts
FN:12,testMayaFramework
FNF:1
FNH:0
FNDA:0,testMayaFramework
DA:6,0
DA:13,0
DA:16,0
DA:25,0
DA:27,0
DA:32,0
DA:33,0
DA:34,0
DA:35,0
DA:36,0
DA:37,0
DA:38,0
DA:41,0
DA:50,0
DA:52,0
DA:57,0
DA:58,0
DA:59,0
DA:60,0
DA:61,0
DA:64,0
DA:73,0
DA:75,0
DA:80,0
DA:81,0
DA:82,0
DA:83,0
DA:84,0
DA:86,0
DA:87,0
DA:88,0
DA:89,0
DA:90,0
DA:91,0
DA:92,0
DA:93,0
DA:97,0
DA:99,0
LF:38
LH:0
BRF:0
BRH:0
end_of_record
TN:
SF:src/tests/test-oracle-memory-api.ts
FN:12,testOracleMemoryAPI
FNF:1
FNH:0
FNDA:0,testOracleMemoryAPI
DA:6,0
DA:8,0
DA:9,0
DA:10,0
DA:13,0
DA:15,0
DA:17,0
DA:18,0
DA:23,0
DA:24,0
DA:27,0
DA:29,0
DA:31,0
DA:40,0
DA:41,0
DA:42,0
DA:45,0
DA:46,0
DA:51,0
DA:52,0
DA:53,0
DA:54,0
DA:63,0
DA:65,0
DA:68,0
DA:69,0
DA:78,0
DA:79,0
DA:82,0
DA:83,0
DA:94,0
DA:95,0
DA:99,0
DA:102,0
DA:103,0
DA:108,0
DA:109,0
DA:112,0
DA:113,0
DA:118,0
DA:124,0
DA:126,0
DA:131,0
DA:132,0
DA:169,0
DA:170,0
DA:173,0
LF:47
LH:0
BRDA:52,0,0,0
BRDA:52,0,1,0
BRDA:126,1,0,0
BRDA:126,1,1,0
BRDA:169,2,0,0
BRF:5
BRH:0
end_of_record
TN:
SF:src/types/auth.ts
FN:9,login
FN:34,refreshSession
FN:59,logout
FNF:3
FNH:0
FNDA:0,login
FNDA:0,refreshSession
FNDA:0,logout
DA:4,0
DA:9,0
DA:10,0
DA:15,0
DA:17,0
DA:18,0
DA:21,0
DA:34,0
DA:40,0
DA:42,0
DA:43,0
DA:46,0
DA:59,0
DA:60,0
DA:61,0
DA:62,0
LF:16
LH:0
BRDA:17,0,0,0
BRDA:17,1,0,0
BRDA:17,1,1,0
BRDA:17,1,2,0
BRDA:18,2,0,0
BRDA:18,2,1,0
BRDA:42,3,0,0
BRDA:42,4,0,0
BRDA:42,4,1,0
BRDA:42,4,2,0
BRDA:43,5,0,0
BRDA:43,5,1,0
BRDA:51,6,0,0
BRDA:51,6,1,0
BRDA:61,7,0,0
BRF:15
BRH:0
end_of_record
TN:
SF:src/types/divination.ts
FNF:0
FNH:0
DA:158,0
LF:1
LH:0
BRF:0
BRH:0
end_of_record
TN:
SF:src/types/index.ts
FNF:0
FNH:0
DA:111,0
DA:112,0
DA:113,0
LF:3
LH:0
BRF:0
BRH:0
end_of_record
TN:
SF:src/types/oracle.ts
FNF:0
FNH:0
DA:1,0
DA:3,0
LF:2
LH:0
BRF:0
BRH:0
end_of_record
TN:
SF:src/types/oracleMode.ts
FNF:0
FNH:0
DA:152,0
LF:1
LH:0
BRF:0
BRH:0
end_of_record
TN:
SF:src/types/oracleResponse.ts
FN:111,(anonymous_0)
FN:115,(anonymous_1)
FN:119,(anonymous_2)
FN:124,(anonymous_3)
FN:129,(anonymous_4)
FN:134,(anonymous_5)
FN:139,(anonymous_6)
FN:144,(anonymous_7)
FN:149,(anonymous_8)
FN:154,(anonymous_9)
FN:159,(anonymous_10)
FN:164,(anonymous_11)
FN:169,(anonymous_12)
FN:174,(anonymous_13)
FN:179,(anonymous_14)
FN:184,(anonymous_15)
FN:189,(anonymous_16)
FN:194,(anonymous_17)
FN:220,(anonymous_18)
FN:224,(anonymous_19)
FN:228,(anonymous_20)
FN:233,(anonymous_21)
FN:238,(anonymous_22)
FN:243,(anonymous_23)
FN:248,(anonymous_24)
FN:253,(anonymous_25)
FN:258,(anonymous_26)
FNF:27
FNH:0
FNDA:0,(anonymous_0)
FNDA:0,(anonymous_1)
FNDA:0,(anonymous_2)
FNDA:0,(anonymous_3)
FNDA:0,(anonymous_4)
FNDA:0,(anonymous_5)
FNDA:0,(anonymous_6)
FNDA:0,(anonymous_7)
FNDA:0,(anonymous_8)
FNDA:0,(anonymous_9)
FNDA:0,(anonymous_10)
FNDA:0,(anonymous_11)
FNDA:0,(anonymous_12)
FNDA:0,(anonymous_13)
FNDA:0,(anonymous_14)
FNDA:0,(anonymous_15)
FNDA:0,(anonymous_16)
FNDA:0,(anonymous_17)
FNDA:0,(anonymous_18)
FNDA:0,(anonymous_19)
FNDA:0,(anonymous_20)
FNDA:0,(anonymous_21)
FNDA:0,(anonymous_22)
FNDA:0,(anonymous_23)
FNDA:0,(anonymous_24)
FNDA:0,(anonymous_25)
FNDA:0,(anonymous_26)
DA:76,0
DA:96,0
DA:111,0
DA:112,0
DA:113,0
DA:116,0
DA:120,0
DA:121,0
DA:125,0
DA:126,0
DA:130,0
DA:131,0
DA:135,0
DA:136,0
DA:140,0
DA:141,0
DA:145,0
DA:146,0
DA:150,0
DA:151,0
DA:155,0
DA:156,0
DA:160,0
DA:161,0
DA:165,0
DA:166,0
DA:170,0
DA:171,0
DA:175,0
DA:176,0
DA:180,0
DA:181,0
DA:185,0
DA:186,0
DA:190,0
DA:191,0
DA:196,0
DA:197,0
DA:199,0
DA:200,0
DA:202,0
DA:203,0
DA:207,0
DA:208,0
DA:210,0
DA:220,0
DA:221,0
DA:222,0
DA:225,0
DA:229,0
DA:230,0
DA:234,0
DA:235,0
DA:239,0
DA:240,0
DA:244,0
DA:245,0
DA:249,0
DA:250,0
DA:254,0
DA:255,0
DA:259,0
DA:260,0
DA:262,0
DA:263,0
DA:266,0
DA:268,0
LF:67
LH:0
BRDA:139,0,0,0
BRDA:196,1,0,0
BRDA:199,2,0,0
BRDA:202,3,0,0
BRDA:208,4,0,0
BRDA:208,4,1,0
BRDA:259,5,0,0
BRDA:262,6,0,0
BRF:8
BRH:0
end_of_record
TN:
SF:src/types/session.ts
FN:45,startSession
FN:78,endSession
FN:103,getSessionStats
FN:115,(anonymous_3)
FNF:4
FNH:0
FNDA:0,startSession
FNDA:0,endSession
FNDA:0,getSessionStats
FNDA:0,(anonymous_3)
DA:4,0
DA:45,0
DA:49,0
DA:62,0
DA:63,0
DA:66,0
DA:78,0
DA:79,0
DA:86,0
DA:87,0
DA:90,0
DA:103,0
DA:104,0
DA:109,0
DA:110,0
DA:113,0
DA:114,0
DA:115,0
DA:117,0
DA:118,0
DA:120,0
LF:21
LH:0
BRDA:62,0,0,0
BRDA:62,1,0,0
BRDA:62,1,1,0
BRDA:63,2,0,0
BRDA:63,2,1,0
BRDA:86,3,0,0
BRDA:86,4,0,0
BRDA:86,4,1,0
BRDA:87,5,0,0
BRDA:87,5,1,0
BRDA:109,6,0,0
BRDA:110,7,0,0
BRDA:110,7,1,0
BRDA:118,8,0,0
BRDA:118,8,1,0
BRF:15
BRH:0
end_of_record
TN:
SF:src/types/survey.ts
FNF:0
FNH:0
DA:2,0
DA:11,0
DA:76,0
DA:90,0
DA:95,0
LF:5
LH:0
BRF:0
BRH:0
end_of_record
TN:
SF:src/utils/agentRoleMapping.ts
FN:3,(anonymous_0)
FN:20,getAgentRole
FN:63,isNarrationContent
FN:76,(anonymous_3)
FNF:4
FNH:0
FNDA:0,(anonymous_0)
FNDA:0,getAgentRole
FNDA:0,isNarrationContent
FNDA:0,(anonymous_3)
DA:3,0
DA:4,0
DA:5,0
DA:6,0
DA:20,0
DA:21,0
DA:24,0
DA:29,0
DA:33,0
DA:55,0
DA:63,0
DA:64,0
DA:75,0
DA:76,0
LF:14
LH:0
BRDA:3,0,0,0
BRDA:3,0,1,0
BRDA:24,1,0,0
BRDA:25,2,0,0
BRDA:25,2,1,0
BRDA:25,2,2,0
BRDA:55,3,0,0
BRDA:55,3,1,0
BRF:8
BRH:0
end_of_record
TN:
SF:src/utils/agentScoreUtil.ts
FN:9,scoreQuery
FNF:1
FNH:0
FNDA:0,scoreQuery
DA:9,0
DA:10,0
DA:11,0
DA:13,0
DA:18,0
DA:20,0
DA:26,0
DA:28,0
DA:34,0
DA:36,0
DA:42,0
DA:45,0
DA:47,0
LF:13
LH:0
BRDA:13,0,0,0
BRDA:14,1,0,0
BRDA:14,1,1,0
BRDA:14,1,2,0
BRDA:20,2,0,0
BRDA:21,3,0,0
BRDA:21,3,1,0
BRDA:21,3,2,0
BRDA:21,3,3,0
BRDA:28,4,0,0
BRDA:29,5,0,0
BRDA:29,5,1,0
BRDA:29,5,2,0
BRDA:29,5,3,0
BRDA:36,6,0,0
BRDA:37,7,0,0
BRDA:37,7,1,0
BRDA:37,7,2,0
BRDA:37,7,3,0
BRF:19
BRH:0
end_of_record
TN:
SF:src/utils/auth.ts
FN:3,isAdmin
FNF:1
FNH:0
FNDA:0,isAdmin
DA:1,0
DA:3,0
DA:4,0
DA:6,0
DA:12,0
DA:13,0
DA:17,0
DA:23,0
DA:25,0
DA:26,0
LF:10
LH:0
BRDA:12,0,0,0
BRDA:12,1,0,0
BRDA:12,1,1,0
BRDA:23,2,0,0
BRDA:23,2,1,0
BRF:5
BRH:0
end_of_record
TN:
SF:src/utils/cringeFilterService.ts
FN:7,(anonymous_0)
FNF:1
FNH:0
FNDA:0,(anonymous_0)
DA:2,0
DA:9,0
LF:2
LH:0
BRF:0
BRH:0
end_of_record
TN:
SF:src/utils/errors.ts
FN:5,(anonymous_0)
FN:14,(anonymous_1)
FN:20,(anonymous_2)
FN:26,(anonymous_3)
FN:32,(anonymous_4)
FNF:5
FNH:0
FNDA:0,(anonymous_0)
FNDA:0,(anonymous_1)
FNDA:0,(anonymous_2)
FNDA:0,(anonymous_3)
FNDA:0,(anonymous_4)
DA:3,0
DA:6,0
DA:7,0
DA:8,0
DA:9,0
DA:13,0
DA:15,0
DA:19,0
DA:21,0
DA:25,0
DA:27,0
DA:31,0
DA:33,0
LF:13
LH:0
BRDA:5,0,0,0
BRDA:14,1,0,0
BRDA:20,2,0,0
BRDA:26,3,0,0
BRDA:32,4,0,0
BRF:5
BRH:0
end_of_record
TN:
SF:src/utils/facetMapping.ts
FN:24,determineFacet
FN:46,(anonymous_1)
FNF:2
FNH:0
FNDA:0,determineFacet
FNDA:0,(anonymous_1)
DA:17,0
DA:24,0
DA:25,0
DA:27,0
DA:45,0
DA:46,0
DA:47,0
DA:51,0
LF:8
LH:0
BRDA:46,0,0,0
BRF:1
BRH:0
end_of_record
TN:
SF:src/utils/facetUtil.ts
FN:60,detectFacetFromInput
FN:75,getFacetDescription
FNF:2
FNH:0
FNDA:0,detectFacetFromInput
FNDA:0,getFacetDescription
DA:4,0
DA:41,0
DA:60,0
DA:61,0
DA:63,0
DA:64,0
DA:65,0
DA:69,0
DA:75,0
DA:76,0
LF:10
LH:0
BRDA:64,0,0,0
BRDA:76,1,0,0
BRDA:76,1,1,0
BRF:3
BRH:0
end_of_record
TN:
SF:src/utils/index.ts
FNF:0
FNH:0
DA:1,0
DA:2,0
DA:3,0
LF:3
LH:0
BRF:0
BRH:0
end_of_record
TN:
SF:src/utils/initializeSoulMemory.ts
FN:11,initializeSoulMemorySystem
FN:79,runSoulMemoryTests
FN:181,(anonymous_3)
FN:196,createUserSoulMemory
FNF:4
FNH:0
FNDA:0,initializeSoulMemorySystem
FNDA:0,runSoulMemoryTests
FNDA:0,(anonymous_3)
FNDA:0,createUserSoulMemory
DA:7,0
DA:8,0
DA:9,0
DA:11,0
DA:17,0
DA:18,0
DA:21,0
DA:22,0
DA:23,0
DA:24,0
DA:28,0
DA:39,0
DA:41,0
DA:45,0
DA:49,0
DA:50,0
DA:51,0
DA:54,0
DA:55,0
DA:56,0
DA:63,0
DA:64,0
DA:71,0
DA:72,0
DA:80,0
DA:90,0
DA:91,0
DA:94,0
DA:95,0
DA:105,0
DA:106,0
DA:111,0
DA:112,0
DA:113,0
DA:114,0
DA:119,0
DA:120,0
DA:121,0
DA:122,0
DA:127,0
DA:128,0
DA:133,0
DA:134,0
DA:139,0
DA:140,0
DA:144,0
DA:145,0
DA:150,0
DA:151,0
DA:160,0
DA:161,0
DA:162,0
DA:167,0
DA:168,0
DA:173,0
DA:174,0
DA:175,0
DA:180,0
DA:181,0
DA:184,0
DA:188,0
DA:190,0
DA:191,0
DA:192,0
DA:196,0
DA:197,0
DA:200,0
DA:201,0
DA:204,0
DA:214,0
DA:217,0
LF:71
LH:0
BRDA:22,0,0,0
BRDA:49,1,0,0
BRDA:54,2,0,0
BRDA:54,2,1,0
BRDA:107,3,0,0
BRDA:107,3,1,0
BRDA:115,4,0,0
BRDA:115,4,1,0
BRDA:123,5,0,0
BRDA:123,5,1,0
BRDA:135,6,0,0
BRDA:135,6,1,0
BRDA:146,7,0,0
BRDA:146,7,1,0
BRDA:163,8,0,0
BRDA:163,8,1,0
BRDA:176,9,0,0
BRDA:176,9,1,0
BRDA:185,10,0,0
BRDA:185,10,1,0
BRDA:200,11,0,0
BRF:21
BRH:0
end_of_record
TN:
SF:src/utils/localizationService.ts
FN:3,(anonymous_0)
FNF:1
FNH:0
FNDA:0,(anonymous_0)
DA:2,0
DA:5,0
LF:2
LH:0
BRDA:3,0,0,0
BRF:1
BRH:0
end_of_record
TN:
SF:src/utils/logger.ts
FN:32,(anonymous_9)
FN:71,(anonymous_10)
FN:73,(anonymous_11)
FNF:3
FNH:0
FNDA:0,(anonymous_9)
FNDA:0,(anonymous_10)
FNDA:0,(anonymous_11)
DA:1,0
DA:2,0
DA:3,0
DA:7,0
DA:16,0
DA:25,0
DA:28,0
DA:32,0
DA:37,0
DA:38,0
DA:39,0
DA:43,0
DA:53,0
DA:71,0
DA:72,0
DA:73,0
DA:74,0
DA:77,0
LF:18
LH:0
BRDA:38,0,0,0
BRDA:54,1,0,0
BRDA:54,1,1,0
BRF:3
BRH:0
end_of_record
TN:
SF:src/utils/memoryStore.ts
FN:5,storeMemory
FN:10,retrieveMemory
FN:14,updateMemory
FN:18,(anonymous_3)
FN:27,deleteMemory
FN:29,(anonymous_5)
FNF:6
FNH:0
FNDA:0,storeMemory
FNDA:0,retrieveMemory
FNDA:0,updateMemory
FNDA:0,(anonymous_3)
FNDA:0,deleteMemory
FNDA:0,(anonymous_5)
DA:3,0
DA:5,0
DA:6,0
DA:7,0
DA:10,0
DA:11,0
DA:14,0
DA:18,0
DA:19,0
DA:20,0
DA:21,0
DA:22,0
DA:24,0
DA:27,0
DA:28,0
DA:29,0
DA:30,0
DA:31,0
DA:32,0
DA:34,0
LF:20
LH:0
BRDA:19,0,0,0
BRDA:30,1,0,0
BRF:2
BRH:0
end_of_record
TN:
SF:src/utils/mockSupabase.ts
FN:5,(anonymous_0)
FN:22,(anonymous_1)
FN:24,(anonymous_2)
FN:25,(anonymous_3)
FN:26,(anonymous_4)
FN:27,(anonymous_5)
FN:28,(anonymous_6)
FNF:7
FNH:0
FNDA:0,(anonymous_0)
FNDA:0,(anonymous_1)
FNDA:0,(anonymous_2)
FNDA:0,(anonymous_3)
FNDA:0,(anonymous_4)
FNDA:0,(anonymous_5)
FNDA:0,(anonymous_6)
DA:3,0
DA:12,0
DA:13,0
DA:22,0
DA:24,0
DA:25,0
DA:26,0
DA:27,0
DA:28,0
LF:9
LH:0
BRF:0
BRH:0
end_of_record
TN:
SF:src/utils/modelService.ts
FN:12,(anonymous_1)
FNF:1
FNH:0
FNDA:0,(anonymous_1)
DA:3,0
DA:4,0
DA:17,0
DA:19,0
DA:20,0
DA:22,0
DA:40,0
DA:42,0
DA:51,0
DA:56,0
DA:58,0
DA:63,0
DA:68,0
LF:13
LH:0
BRDA:17,0,0,0
BRDA:40,1,0,0
BRDA:40,1,1,0
BRF:3
BRH:0
end_of_record
TN:
SF:src/utils/persistentMemory.ts
FN:5,storeMemory
FN:10,retrieveMemory
FN:14,updateMemory
FN:18,(anonymous_3)
FN:27,deleteMemory
FN:29,(anonymous_5)
FNF:6
FNH:0
FNDA:0,storeMemory
FNDA:0,retrieveMemory
FNDA:0,updateMemory
FNDA:0,(anonymous_3)
FNDA:0,deleteMemory
FNDA:0,(anonymous_5)
DA:3,0
DA:5,0
DA:6,0
DA:7,0
DA:10,0
DA:11,0
DA:14,0
DA:18,0
DA:19,0
DA:20,0
DA:21,0
DA:22,0
DA:24,0
DA:27,0
DA:28,0
DA:29,0
DA:30,0
DA:31,0
DA:32,0
DA:34,0
LF:20
LH:0
BRDA:19,0,0,0
BRDA:30,1,0,0
BRF:2
BRH:0
end_of_record
TN:
SF:src/utils/personalityMapping.ts
FN:9,computePersonalityAdjustment
FN:14,(anonymous_1)
FN:75,getElementalGuidance
FN:78,(anonymous_3)
FNF:4
FNH:0
FNDA:0,computePersonalityAdjustment
FNDA:0,(anonymous_1)
FNDA:0,getElementalGuidance
FNDA:0,(anonymous_3)
DA:9,0
DA:13,0
DA:14,0
DA:15,0
DA:20,0
DA:49,0
DA:52,0
DA:53,0
DA:55,0
DA:56,0
DA:58,0
DA:59,0
DA:61,0
DA:62,0
DA:64,0
DA:65,0
DA:67,0
DA:68,0
DA:72,0
DA:75,0
DA:77,0
DA:78,0
DA:79,0
DA:82,0
DA:91,0
DA:92,0
DA:99,0
LF:27
LH:0
BRDA:15,0,0,0
BRDA:15,0,1,0
BRDA:52,1,0,0
BRDA:53,2,0,0
BRDA:53,2,1,0
BRDA:53,2,2,0
BRDA:53,2,3,0
BRDA:53,2,4,0
BRDA:79,3,0,0
BRDA:79,3,1,0
BRDA:91,4,0,0
BRDA:93,5,0,0
BRDA:93,5,1,0
BRF:13
BRH:0
end_of_record
TN:
SF:src/utils/prefectClient.ts
FN:17,triggerPrefectFlow
FNF:1
FNH:0
FNDA:0,triggerPrefectFlow
DA:3,0
DA:5,0
DA:6,0
DA:8,0
DA:9,0
DA:17,0
DA:21,0
DA:22,0
DA:33,0
DA:35,0
DA:36,0
LF:11
LH:0
BRDA:8,0,0,0
BRDA:8,1,0,0
BRDA:8,1,1,0
BRF:3
BRH:0
end_of_record
TN:
SF:src/utils/prefectIntegration.ts
FN:3,prefectTriggerFlow
FNF:1
FNH:0
FNDA:0,prefectTriggerFlow
DA:1,0
DA:3,0
DA:4,0
DA:5,0
DA:9,0
DA:11,0
DA:12,0
LF:7
LH:0
BRF:0
BRH:0
end_of_record
TN:
SF:src/utils/sharedUtilities.ts
FN:21,createAPIResponse
FN:42,successResponse
FN:52,errorResponse
FN:63,asyncErrorHandler
FN:66,(anonymous_4)
FN:83,retryWithBackoff
FN:121,sleep
FN:122,(anonymous_7)
FN:128,generateRequestId
FN:135,validateEnvironmentVariables
FN:158,safeJSONParse
FN:173,debounce
FN:179,(anonymous_12)
FN:181,(anonymous_13)
FN:188,deepMerge
FN:220,chunk
FN:231,removeUndefined
FN:248,pick
FN:263,omit
FNF:19
FNH:0
FNDA:0,createAPIResponse
FNDA:0,successResponse
FNDA:0,errorResponse
FNDA:0,asyncErrorHandler
FNDA:0,(anonymous_4)
FNDA:0,retryWithBackoff
FNDA:0,sleep
FNDA:0,(anonymous_7)
FNDA:0,generateRequestId
FNDA:0,validateEnvironmentVariables
FNDA:0,safeJSONParse
FNDA:0,debounce
FNDA:0,(anonymous_12)
FNDA:0,(anonymous_13)
FNDA:0,deepMerge
FNDA:0,chunk
FNDA:0,removeUndefined
FNDA:0,pick
FNDA:0,omit
DA:2,0
DA:21,0
DA:27,0
DA:42,0
DA:46,0
DA:52,0
DA:56,0
DA:57,0
DA:63,0
DA:66,0
DA:67,0
DA:68,0
DA:70,0
DA:75,0
DA:83,0
DA:90,0
DA:91,0
DA:92,0
DA:94,0
DA:96,0
DA:97,0
DA:101,0
DA:104,0
DA:105,0
DA:111,0
DA:115,0
DA:121,0
DA:122,0
DA:128,0
DA:129,0
DA:135,0
DA:136,0
DA:138,0
DA:139,0
DA:140,0
DA:144,0
DA:145,0
DA:146,0
DA:147,0
DA:150,0
DA:158,0
DA:159,0
DA:160,0
DA:162,0
DA:166,0
DA:173,0
DA:179,0
DA:180,0
DA:181,0
DA:188,0
DA:192,0
DA:194,0
DA:195,0
DA:196,0
DA:197,0
DA:199,0
DA:207,0
DA:209,0
DA:214,0
DA:220,0
DA:221,0
DA:222,0
DA:223,0
DA:225,0
DA:231,0
DA:234,0
DA:236,0
DA:237,0
DA:238,0
DA:242,0
DA:248,0
DA:249,0
DA:251,0
DA:252,0
DA:253,0
DA:257,0
DA:263,0
DA:264,0
DA:266,0
DA:267,0
DA:270,0
LF:81
LH:0
BRDA:33,0,0,0
BRDA:33,0,1,0
BRDA:56,1,0,0
BRDA:56,1,1,0
BRDA:71,2,0,0
BRDA:71,2,1,0
BRDA:72,3,0,0
BRDA:72,3,1,0
BRDA:73,4,0,0
BRDA:73,4,1,0
BRDA:85,5,0,0
BRDA:86,6,0,0
BRDA:94,7,0,0
BRDA:94,7,1,0
BRDA:96,8,0,0
BRDA:139,9,0,0
BRDA:144,10,0,0
BRDA:163,11,0,0
BRDA:163,11,1,0
BRDA:199,12,0,0
BRDA:199,12,1,0
BRDA:200,13,0,0
BRDA:200,13,1,0
BRDA:200,13,2,0
BRDA:200,13,3,0
BRDA:200,13,4,0
BRDA:200,13,5,0
BRDA:237,14,0,0
BRDA:252,15,0,0
BRF:29
BRH:0
end_of_record
TN:
SF:src/utils/supabase.ts
FNF:0
FNH:0
DA:2,0
DA:5,0
LF:2
LH:0
BRDA:6,0,0,0
BRDA:6,0,1,0
BRDA:6,0,2,0
BRDA:7,1,0,0
BRDA:7,1,1,0
BRDA:7,1,2,0
BRF:6
BRH:0
end_of_record
TN:
SF:src/utils/symbolParser.ts
FN:1,extractSymbolsFromJournal
FNF:1
FNH:0
FNDA:0,extractSymbolsFromJournal
DA:1,0
DA:4,0
DA:6,0
DA:15,0
DA:17,0
DA:18,0
DA:19,0
DA:20,0
DA:21,0
DA:24,0
DA:25,0
DA:29,0
LF:12
LH:0
BRDA:20,0,0,0
BRDA:24,1,0,0
BRF:2
BRH:0
end_of_record
TN:
SF:src/utils/toneService.ts
FN:8,(anonymous_0)
FNF:1
FNH:0
FNDA:0,(anonymous_0)
DA:2,0
DA:10,0
LF:2
LH:0
BRF:0
BRH:0
end_of_record
TN:
SF:src/utils/validateProfile.ts
FN:5,validateProfile
FNF:1
FNH:0
FNDA:0,validateProfile
DA:3,0
DA:5,0
DA:6,0
DA:7,0
DA:8,0
DA:10,0
LF:6
LH:0
BRDA:7,0,0,0
BRF:1
BRH:0
end_of_record
TN:
SF:src/utils/voiceRouter.ts
FN:31,(anonymous_9)
FN:36,(anonymous_10)
FN:39,(anonymous_11)
FN:74,speak
FN:116,speakWithMetadata
FN:197,generateVoiceMetadata
FN:215,getVoiceProfile
FN:242,loadVoiceProfiles
FN:285,applyVoiceStyle
FN:305,synthesizeWithSesameCSM
FN:363,synthesizeWithElevenLabs
FN:383,testVoiceSynthesis
FN:411,routeVoice
FN:422,(anonymous_22)
FNF:14
FNH:0
FNDA:0,(anonymous_9)
FNDA:0,(anonymous_10)
FNDA:0,(anonymous_11)
FNDA:0,speak
FNDA:0,speakWithMetadata
FNDA:0,generateVoiceMetadata
FNDA:0,getVoiceProfile
FNDA:0,loadVoiceProfiles
FNDA:0,applyVoiceStyle
FNDA:0,synthesizeWithSesameCSM
FNDA:0,synthesizeWithElevenLabs
FNDA:0,testVoiceSynthesis
FNDA:0,routeVoice
FNDA:0,(anonymous_22)
DA:3,0
DA:4,0
DA:5,0
DA:6,0
DA:7,0
DA:8,0
DA:21,0
DA:22,0
DA:25,0
DA:26,0
DA:27,0
DA:30,0
DA:32,0
DA:33,0
DA:37,0
DA:40,0
DA:74,0
DA:79,0
DA:81,0
DA:82,0
DA:89,0
DA:91,0
DA:92,0
DA:99,0
DA:101,0
DA:102,0
DA:108,0
DA:116,0
DA:119,0
DA:120,0
DA:122,0
DA:124,0
DA:125,0
DA:127,0
DA:135,0
DA:139,0
DA:141,0
DA:142,0
DA:144,0
DA:145,0
DA:146,0
DA:147,0
DA:148,0
DA:150,0
DA:154,0
DA:155,0
DA:156,0
DA:160,0
DA:161,0
DA:162,0
DA:165,0
DA:172,0
DA:180,0
DA:181,0
DA:182,0
DA:185,0
DA:197,0
DA:199,0
DA:201,0
DA:220,0
DA:221,0
DA:224,0
DA:225,0
DA:227,0
DA:228,0
DA:233,0
DA:236,0
DA:243,0
DA:244,0
DA:249,0
DA:250,0
DA:251,0
DA:254,0
DA:255,0
DA:256,0
DA:257,0
DA:259,0
DA:263,0
DA:264,0
DA:266,0
DA:271,0
DA:272,0
DA:273,0
DA:276,0
DA:277,0
DA:278,0
DA:286,0
DA:289,0
DA:290,0
DA:291,0
DA:295,0
DA:296,0
DA:299,0
DA:309,0
DA:310,0
DA:313,0
DA:314,0
DA:315,0
DA:318,0
DA:324,0
DA:329,0
DA:330,0
DA:334,0
DA:335,0
DA:337,0
DA:338,0
DA:340,0
DA:346,0
DA:347,0
DA:349,0
DA:353,0
DA:354,0
DA:356,0
DA:367,0
DA:368,0
DA:369,0
DA:374,0
DA:376,0
DA:383,0
DA:388,0
DA:390,0
DA:392,0
DA:398,0
DA:405,0
DA:411,0
DA:417,0
DA:418,0
DA:422,0
DA:423,0
LF:129
LH:0
BRDA:22,0,0,0
BRDA:22,0,1,0
BRDA:32,1,0,0
BRDA:33,2,0,0
BRDA:33,2,1,0
BRDA:37,3,0,0
BRDA:37,3,1,0
BRDA:40,4,0,0
BRDA:40,4,1,0
BRDA:119,5,0,0
BRDA:129,6,0,0
BRDA:129,6,1,0
BRDA:139,7,0,0
BRDA:139,7,1,0
BRDA:139,7,2,0
BRDA:144,8,0,0
BRDA:144,8,1,0
BRDA:154,9,0,0
BRDA:180,10,0,0
BRDA:199,11,0,0
BRDA:199,11,1,0
BRDA:220,12,0,0
BRDA:227,13,0,0
BRDA:227,14,0,0
BRDA:227,14,1,0
BRDA:249,15,0,0
BRDA:249,15,1,0
BRDA:256,16,0,0
BRDA:256,16,1,0
BRDA:290,17,0,0
BRDA:295,18,0,0
BRDA:314,19,0,0
BRDA:329,20,0,0
BRDA:335,21,0,0
BRDA:335,21,1,0
BRDA:346,22,0,0
BRDA:346,22,1,0
BRDA:353,23,0,0
BRDA:384,24,0,0
BRDA:385,25,0,0
BRDA:418,26,0,0
BRDA:418,26,1,0
BRF:42
BRH:0
end_of_record
TN:
SF:src/utils/voiceService.ts
FN:48,synthesizeVoice
FN:94,synthesizeArchetypalVoice
FN:201,getAvailableArchetypalVoices
FN:204,(anonymous_4)
FN:215,previewArchetypalVoice
FNF:5
FNH:0
FNDA:0,synthesizeVoice
FNDA:0,synthesizeArchetypalVoice
FNDA:0,getAvailableArchetypalVoices
FNDA:0,(anonymous_4)
FNDA:0,previewArchetypalVoice
DA:3,0
DA:4,0
DA:5,0
DA:6,0
DA:7,0
DA:11,0
DA:13,0
DA:14,0
DA:48,0
DA:56,0
DA:57,0
DA:73,0
DA:74,0
DA:75,0
DA:78,0
DA:79,0
DA:80,0
DA:83,0
DA:84,0
DA:86,0
DA:87,0
DA:94,0
DA:101,0
DA:103,0
DA:110,0
DA:112,0
DA:121,0
DA:137,0
DA:138,0
DA:139,0
DA:142,0
DA:143,0
DA:144,0
DA:147,0
DA:149,0
DA:151,0
DA:158,0
DA:168,0
DA:175,0
DA:176,0
DA:177,0
DA:182,0
DA:192,0
DA:193,0
DA:201,0
DA:202,0
DA:204,0
DA:215,0
DA:218,0
DA:220,0
DA:225,0
LF:51
LH:0
BRDA:51,0,0,0
BRDA:79,1,0,0
BRDA:98,2,0,0
BRDA:143,3,0,0
BRF:4
BRH:0
end_of_record
